This is pdfTeX, Version 3.1415926-2.5-1.40.14 (TeX Live 2013) (format=pdflatex 2014.3.21)  26 MAY 2014 23:24
entering extended mode
 restricted \write18 enabled.
 file:line:error style messages enabled.
 %&-line parsing enabled.
**refman.tex
(./refman.tex
LaTeX2e <2011/06/27>
Babel <3.9f> and hyphenation patterns for 78 languages loaded.
(/usr/local/texlive/2013/texmf-dist/tex/latex/base/book.cls
Document Class: book 2007/10/19 v1.4h Standard LaTeX document class
(/usr/local/texlive/2013/texmf-dist/tex/latex/base/bk10.clo
File: bk10.clo 2007/10/19 v1.4h Standard LaTeX file (size option)
)
\c@part=\count79
\c@chapter=\count80
\c@section=\count81
\c@subsection=\count82
\c@subsubsection=\count83
\c@paragraph=\count84
\c@subparagraph=\count85
\c@figure=\count86
\c@table=\count87
\abovecaptionskip=\skip41
\belowcaptionskip=\skip42
\bibindent=\dimen102
)
(/usr/local/texlive/2013/texmf-dist/tex/latex/tools/calc.sty
Package: calc 2007/08/22 v4.3 Infix arithmetic (KKT,FJ)
\calc@Acount=\count88
\calc@Bcount=\count89
\calc@Adimen=\dimen103
\calc@Bdimen=\dimen104
\calc@Askip=\skip43
\calc@Bskip=\skip44
LaTeX Info: Redefining \setlength on input line 76.
LaTeX Info: Redefining \addtolength on input line 77.
\calc@Ccount=\count90
\calc@Cskip=\skip45
) (./doxygen.sty
Package: doxygen 

(/usr/local/texlive/2013/texmf-dist/tex/latex/base/alltt.sty
Package: alltt 1997/06/16 v2.0g defines alltt environment
)
(/usr/local/texlive/2013/texmf-dist/tex/latex/tools/array.sty
Package: array 2008/09/09 v2.4c Tabular extension package (FMi)
\col@sep=\dimen105
\extrarowheight=\dimen106
\NC@list=\toks14
\extratabsurround=\skip46
\backup@length=\skip47
)
(/usr/local/texlive/2013/texmf-dist/tex/latex/float/float.sty
Package: float 2001/11/08 v1.3d Float enhancements (AL)
\c@float@type=\count91
\float@exts=\toks15
\float@box=\box26
\@float@everytoks=\toks16
\@floatcapt=\box27
)
(/usr/local/texlive/2013/texmf-dist/tex/latex/base/ifthen.sty
Package: ifthen 2001/05/26 v1.1c Standard LaTeX ifthen package (DPC)
)
(/usr/local/texlive/2013/texmf-dist/tex/latex/tools/verbatim.sty
Package: verbatim 2003/08/22 v1.5q LaTeX2e package for verbatim enhancements
\every@verbatim=\toks17
\verbatim@line=\toks18
\verbatim@in@stream=\read1
)
(/usr/local/texlive/2013/texmf-dist/tex/latex/xcolor/xcolor.sty
Package: xcolor 2007/01/21 v2.11 LaTeX color extensions (UK)

(/usr/local/texlive/2013/texmf-dist/tex/latex/latexconfig/color.cfg
File: color.cfg 2007/01/18 v1.5 color configuration of teTeX/TeXLive
)
Package xcolor Info: Driver file: pdftex.def on input line 225.

(/usr/local/texlive/2013/texmf-dist/tex/latex/pdftex-def/pdftex.def
File: pdftex.def 2011/05/27 v0.06d Graphics/color for pdfTeX

(/usr/local/texlive/2013/texmf-dist/tex/generic/oberdiek/infwarerr.sty
Package: infwarerr 2010/04/08 v1.3 Providing info/warning/error messages (HO)
)
(/usr/local/texlive/2013/texmf-dist/tex/generic/oberdiek/ltxcmds.sty
Package: ltxcmds 2011/11/09 v1.22 LaTeX kernel commands for general use (HO)
)
\Gread@gobject=\count92
)
(/usr/local/texlive/2013/texmf-dist/tex/latex/colortbl/colortbl.sty
Package: colortbl 2012/02/13 v1.0a Color table columns (DPC)
\everycr=\toks19
\minrowclearance=\skip48
)
\rownum=\count93
Package xcolor Info: Model `cmy' substituted by `cmy0' on input line 1337.
Package xcolor Info: Model `hsb' substituted by `rgb' on input line 1341.
Package xcolor Info: Model `RGB' extended on input line 1353.
Package xcolor Info: Model `HTML' substituted by `rgb' on input line 1355.
Package xcolor Info: Model `Hsb' substituted by `hsb' on input line 1356.
Package xcolor Info: Model `tHsb' substituted by `hsb' on input line 1357.
Package xcolor Info: Model `HSB' substituted by `hsb' on input line 1358.
Package xcolor Info: Model `Gray' substituted by `gray' on input line 1359.
Package xcolor Info: Model `wave' substituted by `hsb' on input line 1360.
)
(/usr/local/texlive/2013/texmf-dist/tex/latex/xtab/xtab.sty
Package: xtab 2011/07/31 v2.3f Extended supertabular package
\c@tracingst=\count94
\PWSTcapht=\dimen107
\ST@wd=\dimen108
\ST@rightskip=\skip49
\ST@leftskip=\skip50
\ST@parfillskip=\skip51
\c@PWSTtable=\count95
\PWSTlastpage=\count96
\PWSTpenultimate=\count97
\PWSTcurpage=\count98
\PWSTtempc=\count99
\PWSTlines=\count100
\PWST@lastht=\dimen109
\PWST@generalht=\dimen110
\PWST@ht=\dimen111
\ST@pageleft=\dimen112
\ST@headht=\dimen113
\ST@tailht=\dimen114
\ST@pagesofar=\dimen115
\ST@pboxht=\dimen116
\ST@lineht=\dimen117
\ST@stretchht=\dimen118
\ST@prevht=\dimen119
\ST@toadd=\dimen120
\ST@dimen=\dimen121
\ST@pbox=\box28
)
\xrefbox=\box29
\xreflength=\skip52
\tmplength=\skip53
)
(/usr/local/texlive/2013/texmf-dist/tex/latex/graphics/graphicx.sty
Package: graphicx 1999/02/16 v1.0f Enhanced LaTeX Graphics (DPC,SPQR)

(/usr/local/texlive/2013/texmf-dist/tex/latex/graphics/keyval.sty
Package: keyval 1999/03/16 v1.13 key=value parser (DPC)
\KV@toks@=\toks20
)
(/usr/local/texlive/2013/texmf-dist/tex/latex/graphics/graphics.sty
Package: graphics 2009/02/05 v1.0o Standard LaTeX Graphics (DPC,SPQR)

(/usr/local/texlive/2013/texmf-dist/tex/latex/graphics/trig.sty
Package: trig 1999/03/16 v1.09 sin cos tan (DPC)
)
(/usr/local/texlive/2013/texmf-dist/tex/latex/latexconfig/graphics.cfg
File: graphics.cfg 2010/04/23 v1.9 graphics configuration of TeX Live
)
Package graphics Info: Driver file: pdftex.def on input line 91.
)
\Gin@req@height=\dimen122
\Gin@req@width=\dimen123
)
(/usr/local/texlive/2013/texmf-dist/tex/latex/base/inputenc.sty
Package: inputenc 2008/03/30 v1.1d Input encoding file
\inpenc@prehook=\toks21
\inpenc@posthook=\toks22

(/usr/local/texlive/2013/texmf-dist/tex/latex/base/utf8.def
File: utf8.def 2008/04/05 v1.1m UTF-8 support for inputenc
Now handling font encoding OML ...
... no UTF-8 mapping file for font encoding OML
Now handling font encoding T1 ...
... processing UTF-8 mapping file for font encoding T1

(/usr/local/texlive/2013/texmf-dist/tex/latex/base/t1enc.dfu
File: t1enc.dfu 2008/04/05 v1.1m UTF-8 support for inputenc
   defining Unicode char U+00A1 (decimal 161)
   defining Unicode char U+00A3 (decimal 163)
   defining Unicode char U+00AB (decimal 171)
   defining Unicode char U+00BB (decimal 187)
   defining Unicode char U+00BF (decimal 191)
   defining Unicode char U+00C0 (decimal 192)
   defining Unicode char U+00C1 (decimal 193)
   defining Unicode char U+00C2 (decimal 194)
   defining Unicode char U+00C3 (decimal 195)
   defining Unicode char U+00C4 (decimal 196)
   defining Unicode char U+00C5 (decimal 197)
   defining Unicode char U+00C6 (decimal 198)
   defining Unicode char U+00C7 (decimal 199)
   defining Unicode char U+00C8 (decimal 200)
   defining Unicode char U+00C9 (decimal 201)
   defining Unicode char U+00CA (decimal 202)
   defining Unicode char U+00CB (decimal 203)
   defining Unicode char U+00CC (decimal 204)
   defining Unicode char U+00CD (decimal 205)
   defining Unicode char U+00CE (decimal 206)
   defining Unicode char U+00CF (decimal 207)
   defining Unicode char U+00D0 (decimal 208)
   defining Unicode char U+00D1 (decimal 209)
   defining Unicode char U+00D2 (decimal 210)
   defining Unicode char U+00D3 (decimal 211)
   defining Unicode char U+00D4 (decimal 212)
   defining Unicode char U+00D5 (decimal 213)
   defining Unicode char U+00D6 (decimal 214)
   defining Unicode char U+00D8 (decimal 216)
   defining Unicode char U+00D9 (decimal 217)
   defining Unicode char U+00DA (decimal 218)
   defining Unicode char U+00DB (decimal 219)
   defining Unicode char U+00DC (decimal 220)
   defining Unicode char U+00DD (decimal 221)
   defining Unicode char U+00DE (decimal 222)
   defining Unicode char U+00DF (decimal 223)
   defining Unicode char U+00E0 (decimal 224)
   defining Unicode char U+00E1 (decimal 225)
   defining Unicode char U+00E2 (decimal 226)
   defining Unicode char U+00E3 (decimal 227)
   defining Unicode char U+00E4 (decimal 228)
   defining Unicode char U+00E5 (decimal 229)
   defining Unicode char U+00E6 (decimal 230)
   defining Unicode char U+00E7 (decimal 231)
   defining Unicode char U+00E8 (decimal 232)
   defining Unicode char U+00E9 (decimal 233)
   defining Unicode char U+00EA (decimal 234)
   defining Unicode char U+00EB (decimal 235)
   defining Unicode char U+00EC (decimal 236)
   defining Unicode char U+00ED (decimal 237)
   defining Unicode char U+00EE (decimal 238)
   defining Unicode char U+00EF (decimal 239)
   defining Unicode char U+00F0 (decimal 240)
   defining Unicode char U+00F1 (decimal 241)
   defining Unicode char U+00F2 (decimal 242)
   defining Unicode char U+00F3 (decimal 243)
   defining Unicode char U+00F4 (decimal 244)
   defining Unicode char U+00F5 (decimal 245)
   defining Unicode char U+00F6 (decimal 246)
   defining Unicode char U+00F8 (decimal 248)
   defining Unicode char U+00F9 (decimal 249)
   defining Unicode char U+00FA (decimal 250)
   defining Unicode char U+00FB (decimal 251)
   defining Unicode char U+00FC (decimal 252)
   defining Unicode char U+00FD (decimal 253)
   defining Unicode char U+00FE (decimal 254)
   defining Unicode char U+00FF (decimal 255)
   defining Unicode char U+0102 (decimal 258)
   defining Unicode char U+0103 (decimal 259)
   defining Unicode char U+0104 (decimal 260)
   defining Unicode char U+0105 (decimal 261)
   defining Unicode char U+0106 (decimal 262)
   defining Unicode char U+0107 (decimal 263)
   defining Unicode char U+010C (decimal 268)
   defining Unicode char U+010D (decimal 269)
   defining Unicode char U+010E (decimal 270)
   defining Unicode char U+010F (decimal 271)
   defining Unicode char U+0110 (decimal 272)
   defining Unicode char U+0111 (decimal 273)
   defining Unicode char U+0118 (decimal 280)
   defining Unicode char U+0119 (decimal 281)
   defining Unicode char U+011A (decimal 282)
   defining Unicode char U+011B (decimal 283)
   defining Unicode char U+011E (decimal 286)
   defining Unicode char U+011F (decimal 287)
   defining Unicode char U+0130 (decimal 304)
   defining Unicode char U+0131 (decimal 305)
   defining Unicode char U+0132 (decimal 306)
   defining Unicode char U+0133 (decimal 307)
   defining Unicode char U+0139 (decimal 313)
   defining Unicode char U+013A (decimal 314)
   defining Unicode char U+013D (decimal 317)
   defining Unicode char U+013E (decimal 318)
   defining Unicode char U+0141 (decimal 321)
   defining Unicode char U+0142 (decimal 322)
   defining Unicode char U+0143 (decimal 323)
   defining Unicode char U+0144 (decimal 324)
   defining Unicode char U+0147 (decimal 327)
   defining Unicode char U+0148 (decimal 328)
   defining Unicode char U+014A (decimal 330)
   defining Unicode char U+014B (decimal 331)
   defining Unicode char U+0150 (decimal 336)
   defining Unicode char U+0151 (decimal 337)
   defining Unicode char U+0152 (decimal 338)
   defining Unicode char U+0153 (decimal 339)
   defining Unicode char U+0154 (decimal 340)
   defining Unicode char U+0155 (decimal 341)
   defining Unicode char U+0158 (decimal 344)
   defining Unicode char U+0159 (decimal 345)
   defining Unicode char U+015A (decimal 346)
   defining Unicode char U+015B (decimal 347)
   defining Unicode char U+015E (decimal 350)
   defining Unicode char U+015F (decimal 351)
   defining Unicode char U+0160 (decimal 352)
   defining Unicode char U+0161 (decimal 353)
   defining Unicode char U+0162 (decimal 354)
   defining Unicode char U+0163 (decimal 355)
   defining Unicode char U+0164 (decimal 356)
   defining Unicode char U+0165 (decimal 357)
   defining Unicode char U+016E (decimal 366)
   defining Unicode char U+016F (decimal 367)
   defining Unicode char U+0170 (decimal 368)
   defining Unicode char U+0171 (decimal 369)
   defining Unicode char U+0178 (decimal 376)
   defining Unicode char U+0179 (decimal 377)
   defining Unicode char U+017A (decimal 378)
   defining Unicode char U+017B (decimal 379)
   defining Unicode char U+017C (decimal 380)
   defining Unicode char U+017D (decimal 381)
   defining Unicode char U+017E (decimal 382)
   defining Unicode char U+200C (decimal 8204)
   defining Unicode char U+2013 (decimal 8211)
   defining Unicode char U+2014 (decimal 8212)
   defining Unicode char U+2018 (decimal 8216)
   defining Unicode char U+2019 (decimal 8217)
   defining Unicode char U+201A (decimal 8218)
   defining Unicode char U+201C (decimal 8220)
   defining Unicode char U+201D (decimal 8221)
   defining Unicode char U+201E (decimal 8222)
   defining Unicode char U+2030 (decimal 8240)
   defining Unicode char U+2031 (decimal 8241)
   defining Unicode char U+2039 (decimal 8249)
   defining Unicode char U+203A (decimal 8250)
   defining Unicode char U+2423 (decimal 9251)
)
Now handling font encoding OT1 ...
... processing UTF-8 mapping file for font encoding OT1

(/usr/local/texlive/2013/texmf-dist/tex/latex/base/ot1enc.dfu
File: ot1enc.dfu 2008/04/05 v1.1m UTF-8 support for inputenc
   defining Unicode char U+00A1 (decimal 161)
   defining Unicode char U+00A3 (decimal 163)
   defining Unicode char U+00B8 (decimal 184)
   defining Unicode char U+00BF (decimal 191)
   defining Unicode char U+00C5 (decimal 197)
   defining Unicode char U+00C6 (decimal 198)
   defining Unicode char U+00D8 (decimal 216)
   defining Unicode char U+00DF (decimal 223)
   defining Unicode char U+00E6 (decimal 230)
   defining Unicode char U+00EC (decimal 236)
   defining Unicode char U+00ED (decimal 237)
   defining Unicode char U+00EE (decimal 238)
   defining Unicode char U+00EF (decimal 239)
   defining Unicode char U+00F8 (decimal 248)
   defining Unicode char U+0131 (decimal 305)
   defining Unicode char U+0141 (decimal 321)
   defining Unicode char U+0142 (decimal 322)
   defining Unicode char U+0152 (decimal 338)
   defining Unicode char U+0153 (decimal 339)
   defining Unicode char U+2013 (decimal 8211)
   defining Unicode char U+2014 (decimal 8212)
   defining Unicode char U+2018 (decimal 8216)
   defining Unicode char U+2019 (decimal 8217)
   defining Unicode char U+201C (decimal 8220)
   defining Unicode char U+201D (decimal 8221)
)
Now handling font encoding OMS ...
... processing UTF-8 mapping file for font encoding OMS

(/usr/local/texlive/2013/texmf-dist/tex/latex/base/omsenc.dfu
File: omsenc.dfu 2008/04/05 v1.1m UTF-8 support for inputenc
   defining Unicode char U+00A7 (decimal 167)
   defining Unicode char U+00B6 (decimal 182)
   defining Unicode char U+00B7 (decimal 183)
   defining Unicode char U+2020 (decimal 8224)
   defining Unicode char U+2021 (decimal 8225)
   defining Unicode char U+2022 (decimal 8226)
)
Now handling font encoding OMX ...
... no UTF-8 mapping file for font encoding OMX
Now handling font encoding U ...
... no UTF-8 mapping file for font encoding U
   defining Unicode char U+00A9 (decimal 169)
   defining Unicode char U+00AA (decimal 170)
   defining Unicode char U+00AE (decimal 174)
   defining Unicode char U+00BA (decimal 186)
   defining Unicode char U+02C6 (decimal 710)
   defining Unicode char U+02DC (decimal 732)
   defining Unicode char U+200C (decimal 8204)
   defining Unicode char U+2026 (decimal 8230)
   defining Unicode char U+2122 (decimal 8482)
   defining Unicode char U+2423 (decimal 9251)
))
(/usr/local/texlive/2013/texmf-dist/tex/latex/base/makeidx.sty
Package: makeidx 2000/03/29 v1.0m Standard LaTeX package
)
(/usr/local/texlive/2013/texmf-dist/tex/latex/tools/multicol.sty
Package: multicol 2011/06/27 v1.7a multicolumn formatting (FMi)
\c@tracingmulticols=\count101
\mult@box=\box30
\multicol@leftmargin=\dimen124
\c@unbalance=\count102
\c@collectmore=\count103
\doublecol@number=\count104
\multicoltolerance=\count105
\multicolpretolerance=\count106
\full@width=\dimen125
\page@free=\dimen126
\premulticols=\dimen127
\postmulticols=\dimen128
\multicolsep=\skip54
\multicolbaselineskip=\skip55
\partial@page=\box31
\last@line=\box32
\mult@rightbox=\box33
\mult@grightbox=\box34
\mult@gfirstbox=\box35
\mult@firstbox=\box36
\@tempa=\box37
\@tempa=\box38
\@tempa=\box39
\@tempa=\box40
\@tempa=\box41
\@tempa=\box42
\@tempa=\box43
\@tempa=\box44
\@tempa=\box45
\@tempa=\box46
\@tempa=\box47
\@tempa=\box48
\@tempa=\box49
\@tempa=\box50
\@tempa=\box51
\@tempa=\box52
\@tempa=\box53
\c@columnbadness=\count107
\c@finalcolumnbadness=\count108
\last@try=\dimen129
\multicolovershoot=\dimen130
\multicolundershoot=\dimen131
\mult@nat@firstbox=\box54
\colbreak@box=\box55
\multicol@sort@counter=\count109
)
(/usr/local/texlive/2013/texmf-dist/tex/latex/multirow/multirow.sty
\bigstrutjot=\dimen132
)
(/usr/local/texlive/2013/texmf-dist/tex/latex/base/fixltx2e.sty
Package: fixltx2e 2006/09/13 v1.1m fixes to LaTeX
LaTeX Info: Redefining \em on input line 420.
)
(/usr/local/texlive/2013/texmf-dist/tex/latex/base/textcomp.sty
Package: textcomp 2005/09/27 v1.99g Standard LaTeX package
Package textcomp Info: Sub-encoding information:
(textcomp)               5 = only ISO-Adobe without \textcurrency
(textcomp)               4 = 5 + \texteuro
(textcomp)               3 = 4 + \textohm
(textcomp)               2 = 3 + \textestimated + \textcurrency
(textcomp)               1 = TS1 - \textcircled - \t
(textcomp)               0 = TS1 (full)
(textcomp)             Font families with sub-encoding setting implement
(textcomp)             only a restricted character set as indicated.
(textcomp)             Family '?' is the default used for unknown fonts.
(textcomp)             See the documentation for details.
Package textcomp Info: Setting ? sub-encoding to TS1/1 on input line 71.

(/usr/local/texlive/2013/texmf-dist/tex/latex/base/ts1enc.def
File: ts1enc.def 2001/06/05 v3.0e (jk/car/fm) Standard LaTeX file
Now handling font encoding TS1 ...
... processing UTF-8 mapping file for font encoding TS1

(/usr/local/texlive/2013/texmf-dist/tex/latex/base/ts1enc.dfu
File: ts1enc.dfu 2008/04/05 v1.1m UTF-8 support for inputenc
   defining Unicode char U+00A2 (decimal 162)
   defining Unicode char U+00A3 (decimal 163)
   defining Unicode char U+00A4 (decimal 164)
   defining Unicode char U+00A5 (decimal 165)
   defining Unicode char U+00A6 (decimal 166)
   defining Unicode char U+00A7 (decimal 167)
   defining Unicode char U+00A8 (decimal 168)
   defining Unicode char U+00A9 (decimal 169)
   defining Unicode char U+00AA (decimal 170)
   defining Unicode char U+00AC (decimal 172)
   defining Unicode char U+00AE (decimal 174)
   defining Unicode char U+00AF (decimal 175)
   defining Unicode char U+00B0 (decimal 176)
   defining Unicode char U+00B1 (decimal 177)
   defining Unicode char U+00B2 (decimal 178)
   defining Unicode char U+00B3 (decimal 179)
   defining Unicode char U+00B4 (decimal 180)
   defining Unicode char U+00B5 (decimal 181)
   defining Unicode char U+00B6 (decimal 182)
   defining Unicode char U+00B7 (decimal 183)
   defining Unicode char U+00B9 (decimal 185)
   defining Unicode char U+00BA (decimal 186)
   defining Unicode char U+00BC (decimal 188)
   defining Unicode char U+00BD (decimal 189)
   defining Unicode char U+00BE (decimal 190)
   defining Unicode char U+00D7 (decimal 215)
   defining Unicode char U+00F7 (decimal 247)
   defining Unicode char U+0192 (decimal 402)
   defining Unicode char U+02C7 (decimal 711)
   defining Unicode char U+02D8 (decimal 728)
   defining Unicode char U+02DD (decimal 733)
   defining Unicode char U+0E3F (decimal 3647)
   defining Unicode char U+2016 (decimal 8214)
   defining Unicode char U+2020 (decimal 8224)
   defining Unicode char U+2021 (decimal 8225)
   defining Unicode char U+2022 (decimal 8226)
   defining Unicode char U+2030 (decimal 8240)
   defining Unicode char U+2031 (decimal 8241)
   defining Unicode char U+203B (decimal 8251)
   defining Unicode char U+203D (decimal 8253)
   defining Unicode char U+2044 (decimal 8260)
   defining Unicode char U+204E (decimal 8270)
   defining Unicode char U+2052 (decimal 8274)
   defining Unicode char U+20A1 (decimal 8353)
   defining Unicode char U+20A4 (decimal 8356)
   defining Unicode char U+20A6 (decimal 8358)
   defining Unicode char U+20A9 (decimal 8361)
   defining Unicode char U+20AB (decimal 8363)
   defining Unicode char U+20AC (decimal 8364)
   defining Unicode char U+20B1 (decimal 8369)
   defining Unicode char U+2103 (decimal 8451)
   defining Unicode char U+2116 (decimal 8470)
   defining Unicode char U+2117 (decimal 8471)
   defining Unicode char U+211E (decimal 8478)
   defining Unicode char U+2120 (decimal 8480)
   defining Unicode char U+2122 (decimal 8482)
   defining Unicode char U+2126 (decimal 8486)
   defining Unicode char U+2127 (decimal 8487)
   defining Unicode char U+212E (decimal 8494)
   defining Unicode char U+2190 (decimal 8592)
   defining Unicode char U+2191 (decimal 8593)
   defining Unicode char U+2192 (decimal 8594)
   defining Unicode char U+2193 (decimal 8595)
   defining Unicode char U+2329 (decimal 9001)
   defining Unicode char U+232A (decimal 9002)
   defining Unicode char U+2422 (decimal 9250)
   defining Unicode char U+25E6 (decimal 9702)
   defining Unicode char U+25EF (decimal 9711)
   defining Unicode char U+266A (decimal 9834)
))
LaTeX Info: Redefining \oldstylenums on input line 266.
Package textcomp Info: Setting cmr sub-encoding to TS1/0 on input line 281.
Package textcomp Info: Setting cmss sub-encoding to TS1/0 on input line 282.
Package textcomp Info: Setting cmtt sub-encoding to TS1/0 on input line 283.
Package textcomp Info: Setting cmvtt sub-encoding to TS1/0 on input line 284.
Package textcomp Info: Setting cmbr sub-encoding to TS1/0 on input line 285.
Package textcomp Info: Setting cmtl sub-encoding to TS1/0 on input line 286.
Package textcomp Info: Setting ccr sub-encoding to TS1/0 on input line 287.
Package textcomp Info: Setting ptm sub-encoding to TS1/4 on input line 288.
Package textcomp Info: Setting pcr sub-encoding to TS1/4 on input line 289.
Package textcomp Info: Setting phv sub-encoding to TS1/4 on input line 290.
Package textcomp Info: Setting ppl sub-encoding to TS1/3 on input line 291.
Package textcomp Info: Setting pag sub-encoding to TS1/4 on input line 292.
Package textcomp Info: Setting pbk sub-encoding to TS1/4 on input line 293.
Package textcomp Info: Setting pnc sub-encoding to TS1/4 on input line 294.
Package textcomp Info: Setting pzc sub-encoding to TS1/4 on input line 295.
Package textcomp Info: Setting bch sub-encoding to TS1/4 on input line 296.
Package textcomp Info: Setting put sub-encoding to TS1/5 on input line 297.
Package textcomp Info: Setting uag sub-encoding to TS1/5 on input line 298.
Package textcomp Info: Setting ugq sub-encoding to TS1/5 on input line 299.
Package textcomp Info: Setting ul8 sub-encoding to TS1/4 on input line 300.
Package textcomp Info: Setting ul9 sub-encoding to TS1/4 on input line 301.
Package textcomp Info: Setting augie sub-encoding to TS1/5 on input line 302.
Package textcomp Info: Setting dayrom sub-encoding to TS1/3 on input line 303.
Package textcomp Info: Setting dayroms sub-encoding to TS1/3 on input line 304.

Package textcomp Info: Setting pxr sub-encoding to TS1/0 on input line 305.
Package textcomp Info: Setting pxss sub-encoding to TS1/0 on input line 306.
Package textcomp Info: Setting pxtt sub-encoding to TS1/0 on input line 307.
Package textcomp Info: Setting txr sub-encoding to TS1/0 on input line 308.
Package textcomp Info: Setting txss sub-encoding to TS1/0 on input line 309.
Package textcomp Info: Setting txtt sub-encoding to TS1/0 on input line 310.
Package textcomp Info: Setting lmr sub-encoding to TS1/0 on input line 311.
Package textcomp Info: Setting lmdh sub-encoding to TS1/0 on input line 312.
Package textcomp Info: Setting lmss sub-encoding to TS1/0 on input line 313.
Package textcomp Info: Setting lmssq sub-encoding to TS1/0 on input line 314.
Package textcomp Info: Setting lmvtt sub-encoding to TS1/0 on input line 315.
Package textcomp Info: Setting qhv sub-encoding to TS1/0 on input line 316.
Package textcomp Info: Setting qag sub-encoding to TS1/0 on input line 317.
Package textcomp Info: Setting qbk sub-encoding to TS1/0 on input line 318.
Package textcomp Info: Setting qcr sub-encoding to TS1/0 on input line 319.
Package textcomp Info: Setting qcs sub-encoding to TS1/0 on input line 320.
Package textcomp Info: Setting qpl sub-encoding to TS1/0 on input line 321.
Package textcomp Info: Setting qtm sub-encoding to TS1/0 on input line 322.
Package textcomp Info: Setting qzc sub-encoding to TS1/0 on input line 323.
Package textcomp Info: Setting qhvc sub-encoding to TS1/0 on input line 324.
Package textcomp Info: Setting futs sub-encoding to TS1/4 on input line 325.
Package textcomp Info: Setting futx sub-encoding to TS1/4 on input line 326.
Package textcomp Info: Setting futj sub-encoding to TS1/4 on input line 327.
Package textcomp Info: Setting hlh sub-encoding to TS1/3 on input line 328.
Package textcomp Info: Setting hls sub-encoding to TS1/3 on input line 329.
Package textcomp Info: Setting hlst sub-encoding to TS1/3 on input line 330.
Package textcomp Info: Setting hlct sub-encoding to TS1/5 on input line 331.
Package textcomp Info: Setting hlx sub-encoding to TS1/5 on input line 332.
Package textcomp Info: Setting hlce sub-encoding to TS1/5 on input line 333.
Package textcomp Info: Setting hlcn sub-encoding to TS1/5 on input line 334.
Package textcomp Info: Setting hlcw sub-encoding to TS1/5 on input line 335.
Package textcomp Info: Setting hlcf sub-encoding to TS1/5 on input line 336.
Package textcomp Info: Setting pplx sub-encoding to TS1/3 on input line 337.
Package textcomp Info: Setting pplj sub-encoding to TS1/3 on input line 338.
Package textcomp Info: Setting ptmx sub-encoding to TS1/4 on input line 339.
Package textcomp Info: Setting ptmj sub-encoding to TS1/4 on input line 340.
)
(/usr/local/texlive/2013/texmf-dist/tex/latex/wasysym/wasysym.sty
Package: wasysym 2003/10/30 v2.0 Wasy-2 symbol support package
\symwasy=\mathgroup4
LaTeX Font Info:    Overwriting symbol font `wasy' in version `bold'
(Font)                  U/wasy/m/n --> U/wasy/b/n on input line 90.
)
(/usr/local/texlive/2013/texmf-dist/tex/generic/babel/babel.sty
Package: babel 2013/05/16 v3.9f The Babel package

(/usr/local/texlive/2013/texmf-dist/tex/generic/babel-french/frenchb.ldf
Language: frenchb 2013/05/20 v2.6c French support from the babel system

(/usr/local/texlive/2013/texmf-dist/tex/generic/babel/babel.def
File: babel.def 2013/05/16 v3.9f Babel common definitions
\babel@savecnt=\count110
\U@D=\dimen133
)
\FB@interchartokenstateORI=\count111
Package babel Info: Making : an active character on input line 240.
Package babel Info: Making ; an active character on input line 241.
Package babel Info: Making ! an active character on input line 242.
Package babel Info: Making ? an active character on input line 243.
\FB@Mht=\dimen134
\std@mcc=\count112
\dec@mcc=\count113
\listindentFB=\skip56
\labelwidthFB=\skip57
\leftmarginFB=\skip58
\parindentFFN=\dimen135
))
(/usr/local/texlive/2013/texmf-dist/tex/latex/carlisle/scalefnt.sty)
(/usr/local/texlive/2013/texmf-dist/tex/latex/base/fontenc.sty
Package: fontenc 2005/09/27 v1.99g Standard LaTeX package

(/usr/local/texlive/2013/texmf-dist/tex/latex/base/t1enc.def
File: t1enc.def 2005/09/27 v1.99g Standard LaTeX file
LaTeX Font Info:    Redeclaring font encoding T1 on input line 43.
))
(/usr/local/texlive/2013/texmf-dist/tex/latex/psnfss/mathptmx.sty
Package: mathptmx 2005/04/12 PSNFSS-v9.2a Times w/ Math, improved (SPQR, WaS) 
LaTeX Font Info:    Redeclaring symbol font `operators' on input line 28.
LaTeX Font Info:    Overwriting symbol font `operators' in version `normal'
(Font)                  OT1/cmr/m/n --> OT1/ztmcm/m/n on input line 28.
LaTeX Font Info:    Overwriting symbol font `operators' in version `bold'
(Font)                  OT1/cmr/bx/n --> OT1/ztmcm/m/n on input line 28.
LaTeX Font Info:    Redeclaring symbol font `letters' on input line 29.
LaTeX Font Info:    Overwriting symbol font `letters' in version `normal'
(Font)                  OML/cmm/m/it --> OML/ztmcm/m/it on input line 29.
LaTeX Font Info:    Overwriting symbol font `letters' in version `bold'
(Font)                  OML/cmm/b/it --> OML/ztmcm/m/it on input line 29.
LaTeX Font Info:    Redeclaring symbol font `symbols' on input line 30.
LaTeX Font Info:    Overwriting symbol font `symbols' in version `normal'
(Font)                  OMS/cmsy/m/n --> OMS/ztmcm/m/n on input line 30.
LaTeX Font Info:    Overwriting symbol font `symbols' in version `bold'
(Font)                  OMS/cmsy/b/n --> OMS/ztmcm/m/n on input line 30.
LaTeX Font Info:    Redeclaring symbol font `largesymbols' on input line 31.
LaTeX Font Info:    Overwriting symbol font `largesymbols' in version `normal'
(Font)                  OMX/cmex/m/n --> OMX/ztmcm/m/n on input line 31.
LaTeX Font Info:    Overwriting symbol font `largesymbols' in version `bold'
(Font)                  OMX/cmex/m/n --> OMX/ztmcm/m/n on input line 31.
\symbold=\mathgroup5
\symitalic=\mathgroup6
LaTeX Font Info:    Redeclaring math alphabet \mathbf on input line 34.
LaTeX Font Info:    Overwriting math alphabet `\mathbf' in version `normal'
(Font)                  OT1/cmr/bx/n --> OT1/ptm/bx/n on input line 34.
LaTeX Font Info:    Overwriting math alphabet `\mathbf' in version `bold'
(Font)                  OT1/cmr/bx/n --> OT1/ptm/bx/n on input line 34.
LaTeX Font Info:    Redeclaring math alphabet \mathit on input line 35.
LaTeX Font Info:    Overwriting math alphabet `\mathit' in version `normal'
(Font)                  OT1/cmr/m/it --> OT1/ptm/m/it on input line 35.
LaTeX Font Info:    Overwriting math alphabet `\mathit' in version `bold'
(Font)                  OT1/cmr/bx/it --> OT1/ptm/m/it on input line 35.
LaTeX Info: Redefining \hbar on input line 50.
)
(/usr/local/texlive/2013/texmf-dist/tex/latex/psnfss/helvet.sty
Package: helvet 2005/04/12 PSNFSS-v9.2a (WaS) 
)
(/usr/local/texlive/2013/texmf-dist/tex/latex/psnfss/courier.sty
Package: courier 2005/04/12 PSNFSS-v9.2a (WaS) 
)
(/usr/local/texlive/2013/texmf-dist/tex/latex/amsfonts/amssymb.sty
Package: amssymb 2013/01/14 v3.01 AMS font symbols

(/usr/local/texlive/2013/texmf-dist/tex/latex/amsfonts/amsfonts.sty
Package: amsfonts 2013/01/14 v3.01 Basic AMSFonts support
\@emptytoks=\toks23
\symAMSa=\mathgroup7
\symAMSb=\mathgroup8
LaTeX Font Info:    Overwriting math alphabet `\mathfrak' in version `bold'
(Font)                  U/euf/m/n --> U/euf/b/n on input line 106.
))
(/usr/local/texlive/2013/texmf-dist/tex/latex/sectsty/sectsty.sty
Package: sectsty 2002/02/25 v2.0.2 Commands to change all sectional heading sty
les
)
(/usr/local/texlive/2013/texmf-dist/tex/latex/geometry/geometry.sty
Package: geometry 2010/09/12 v5.6 Page Geometry

(/usr/local/texlive/2013/texmf-dist/tex/generic/oberdiek/ifpdf.sty
Package: ifpdf 2011/01/30 v2.3 Provides the ifpdf switch (HO)
Package ifpdf Info: pdfTeX in PDF mode is detected.
)
(/usr/local/texlive/2013/texmf-dist/tex/generic/oberdiek/ifvtex.sty
Package: ifvtex 2010/03/01 v1.5 Detect VTeX and its facilities (HO)
Package ifvtex Info: VTeX not detected.
)
(/usr/local/texlive/2013/texmf-dist/tex/generic/ifxetex/ifxetex.sty
Package: ifxetex 2010/09/12 v0.6 Provides ifxetex conditional
)
\Gm@cnth=\count114
\Gm@cntv=\count115
\c@Gm@tempcnt=\count116
\Gm@bindingoffset=\dimen136
\Gm@wd@mp=\dimen137
\Gm@odd@mp=\dimen138
\Gm@even@mp=\dimen139
\Gm@layoutwidth=\dimen140
\Gm@layoutheight=\dimen141
\Gm@layouthoffset=\dimen142
\Gm@layoutvoffset=\dimen143
\Gm@dimlist=\toks24
)
(/usr/local/texlive/2013/texmf-dist/tex/latex/fancyhdr/fancyhdr.sty
\fancy@headwidth=\skip59
\f@ncyO@elh=\skip60
\f@ncyO@erh=\skip61
\f@ncyO@olh=\skip62
\f@ncyO@orh=\skip63
\f@ncyO@elf=\skip64
\f@ncyO@erf=\skip65
\f@ncyO@olf=\skip66
\f@ncyO@orf=\skip67
)
(/usr/local/texlive/2013/texmf-dist/tex/latex/natbib/natbib.sty
Package: natbib 2010/09/13 8.31b (PWD, AO)
\bibhang=\skip68
\bibsep=\skip69
LaTeX Info: Redefining \cite on input line 694.
\c@NAT@ctr=\count117
)
(/usr/local/texlive/2013/texmf-dist/tex/latex/tocloft/tocloft.sty
Package: tocloft 2013/05/02 v2.3f parameterised ToC, etc., typesetting
Package tocloft Info: The document has chapter divisions on input line 44.
\cftparskip=\skip70
\cftbeforetoctitleskip=\skip71
\cftaftertoctitleskip=\skip72
\cftbeforepartskip=\skip73
\cftpartnumwidth=\skip74
\cftpartindent=\skip75
\cftbeforechapskip=\skip76
\cftchapindent=\skip77
\cftchapnumwidth=\skip78
\cftbeforesecskip=\skip79
\cftsecindent=\skip80
\cftsecnumwidth=\skip81
\cftbeforesubsecskip=\skip82
\cftsubsecindent=\skip83
\cftsubsecnumwidth=\skip84
\cftbeforesubsubsecskip=\skip85
\cftsubsubsecindent=\skip86
\cftsubsubsecnumwidth=\skip87
\cftbeforeparaskip=\skip88
\cftparaindent=\skip89
\cftparanumwidth=\skip90
\cftbeforesubparaskip=\skip91
\cftsubparaindent=\skip92
\cftsubparanumwidth=\skip93
\cftbeforeloftitleskip=\skip94
\cftafterloftitleskip=\skip95
\cftbeforefigskip=\skip96
\cftfigindent=\skip97
\cftfignumwidth=\skip98
\c@lofdepth=\count118
\c@lotdepth=\count119
\cftbeforelottitleskip=\skip99
\cftafterlottitleskip=\skip100
\cftbeforetabskip=\skip101
\cfttabindent=\skip102
\cfttabnumwidth=\skip103
)
\@indexfile=\write3
\openout3 = `refman.idx'.


Writing index file refman.idx
(./refman.aux)
\openout1 = `refman.aux'.

LaTeX Font Info:    Checking defaults for OML/cmm/m/it on input line 104.
LaTeX Font Info:    ... okay on input line 104.
LaTeX Font Info:    Checking defaults for T1/cmr/m/n on input line 104.
LaTeX Font Info:    ... okay on input line 104.
LaTeX Font Info:    Checking defaults for OT1/cmr/m/n on input line 104.
LaTeX Font Info:    ... okay on input line 104.
LaTeX Font Info:    Checking defaults for OMS/cmsy/m/n on input line 104.
LaTeX Font Info:    ... okay on input line 104.
LaTeX Font Info:    Checking defaults for OMX/cmex/m/n on input line 104.
LaTeX Font Info:    ... okay on input line 104.
LaTeX Font Info:    Checking defaults for U/cmr/m/n on input line 104.
LaTeX Font Info:    ... okay on input line 104.
LaTeX Font Info:    Checking defaults for TS1/cmr/m/n on input line 104.
LaTeX Font Info:    Try loading font information for TS1+cmr on input line 104.

 (/usr/local/texlive/2013/texmf-dist/tex/latex/base/ts1cmr.fd
File: ts1cmr.fd 1999/05/25 v2.5h Standard LaTeX font definitions
)
LaTeX Font Info:    ... okay on input line 104.
LaTeX Font Info:    Try loading font information for T1+phv on input line 104.

(/usr/local/texlive/2013/texmf-dist/tex/latex/psnfss/t1phv.fd
File: t1phv.fd 2001/06/04 scalable font definitions for T1/phv.
)
LaTeX Font Info:    Font shape `T1/phv/m/n' will be
(Font)              scaled to size 8.99994pt on input line 104.

(/usr/local/texlive/2013/texmf-dist/tex/context/base/supp-pdf.mkii
[Loading MPS to PDF converter (version 2006.09.02).]
\scratchcounter=\count120
\scratchdimen=\dimen144
\scratchbox=\box56
\nofMPsegments=\count121
\nofMParguments=\count122
\everyMPshowfont=\toks25
\MPscratchCnt=\count123
\MPscratchDim=\dimen145
\MPnumerator=\count124
\makeMPintoPDFobject=\count125
\everyMPtoPDFconversion=\toks26
) (/usr/local/texlive/2013/texmf-dist/tex/generic/oberdiek/pdftexcmds.sty
Package: pdftexcmds 2011/11/29 v0.20 Utility functions of pdfTeX for LuaTeX (HO
)

(/usr/local/texlive/2013/texmf-dist/tex/generic/oberdiek/ifluatex.sty
Package: ifluatex 2010/03/01 v1.3 Provides the ifluatex switch (HO)
Package ifluatex Info: LuaTeX not detected.
)
Package pdftexcmds Info: LuaTeX not detected.
Package pdftexcmds Info: \pdf@primitive is available.
Package pdftexcmds Info: \pdf@ifprimitive is available.
Package pdftexcmds Info: \pdfdraftmode found.
)
(/usr/local/texlive/2013/texmf-dist/tex/latex/oberdiek/epstopdf-base.sty
Package: epstopdf-base 2010/02/09 v2.5 Base part for package epstopdf

(/usr/local/texlive/2013/texmf-dist/tex/latex/oberdiek/grfext.sty
Package: grfext 2010/08/19 v1.1 Manage graphics extensions (HO)

(/usr/local/texlive/2013/texmf-dist/tex/generic/oberdiek/kvdefinekeys.sty
Package: kvdefinekeys 2011/04/07 v1.3 Define keys (HO)
))
(/usr/local/texlive/2013/texmf-dist/tex/latex/oberdiek/kvoptions.sty
Package: kvoptions 2011/06/30 v3.11 Key value format for package options (HO)

(/usr/local/texlive/2013/texmf-dist/tex/generic/oberdiek/kvsetkeys.sty
Package: kvsetkeys 2012/04/25 v1.16 Key value parser (HO)

(/usr/local/texlive/2013/texmf-dist/tex/generic/oberdiek/etexcmds.sty
Package: etexcmds 2011/02/16 v1.5 Avoid name clashes with e-TeX commands (HO)
Package etexcmds Info: Could not find \expanded.
(etexcmds)             That can mean that you are not using pdfTeX 1.50 or
(etexcmds)             that some package has redefined \expanded.
(etexcmds)             In the latter case, load this package earlier.
)))
Package grfext Info: Graphics extension search list:
(grfext)             [.png,.pdf,.jpg,.mps,.jpeg,.jbig2,.jb2,.PNG,.PDF,.JPG,.JPE
G,.JBIG2,.JB2,.eps]
(grfext)             \AppendGraphicsExtensions on input line 452.

(/usr/local/texlive/2013/texmf-dist/tex/latex/latexconfig/epstopdf-sys.cfg
File: epstopdf-sys.cfg 2010/07/13 v1.3 Configuration of (r)epstopdf for TeX Liv
e
))
LaTeX Info: Redefining \degres on input line 104.
LaTeX Info: Redefining \dots on input line 104.
LaTeX Info: Redefining \up on input line 104.
\big@size=\dimen146

*geometry* driver: auto-detecting
*geometry* detected driver: pdftex
*geometry* verbose mode - [ preamble ] result:
* driver: pdftex
* paper: a4paper
* layout: <same size as paper>
* layoutoffset:(h,v)=(0.0pt,0.0pt)
* modes: twoside 
* h-part:(L,W,R)=(71.13188pt, 455.24411pt, 71.13188pt)
* v-part:(T,H,B)=(71.13188pt, 702.78308pt, 71.13188pt)
* \paperwidth=597.50787pt
* \paperheight=845.04684pt
* \textwidth=455.24411pt
* \textheight=702.78308pt
* \oddsidemargin=-1.1381pt
* \evensidemargin=-1.1381pt
* \topmargin=-31.2056pt
* \headheight=12.0pt
* \headsep=18.06749pt
* \topskip=10.0pt
* \footskip=25.29494pt
* \marginparwidth=125.0pt
* \marginparsep=7.0pt
* \columnsep=10.0pt
* \skip\footins=9.0pt plus 4.0pt minus 2.0pt
* \hoffset=0.0pt
* \voffset=0.0pt
* \mag=1000
* \@twocolumnfalse
* \@twosidetrue
* \@mparswitchtrue
* \@reversemarginfalse
* (1in=72.27pt=25.4mm, 1cm=28.453pt)

LaTeX Font Info:    Font shape `T1/phv/m/n' will be
(Font)              scaled to size 12.9599pt on input line 111.
LaTeX Font Info:    Font shape `T1/phv/m/n' will be
(Font)              scaled to size 10.79993pt on input line 111.
LaTeX Font Info:    Font shape `T1/phv/m/n' will be
(Font)              scaled to size 6.29996pt on input line 111.
LaTeX Font Info:    Try loading font information for OT1+ztmcm on input line 11
1.
(/usr/local/texlive/2013/texmf-dist/tex/latex/psnfss/ot1ztmcm.fd
File: ot1ztmcm.fd 2000/01/03 Fontinst v1.801 font definitions for OT1/ztmcm.
)
LaTeX Font Info:    Try loading font information for OML+ztmcm on input line 11
1.

(/usr/local/texlive/2013/texmf-dist/tex/latex/psnfss/omlztmcm.fd
File: omlztmcm.fd 2000/01/03 Fontinst v1.801 font definitions for OML/ztmcm.
)
LaTeX Font Info:    Try loading font information for OMS+ztmcm on input line 11
1.

(/usr/local/texlive/2013/texmf-dist/tex/latex/psnfss/omsztmcm.fd
File: omsztmcm.fd 2000/01/03 Fontinst v1.801 font definitions for OMS/ztmcm.
)
LaTeX Font Info:    Try loading font information for OMX+ztmcm on input line 11
1.

(/usr/local/texlive/2013/texmf-dist/tex/latex/psnfss/omxztmcm.fd
File: omxztmcm.fd 2000/01/03 Fontinst v1.801 font definitions for OMX/ztmcm.
)
LaTeX Font Info:    Try loading font information for U+wasy on input line 111.

(/usr/local/texlive/2013/texmf-dist/tex/latex/wasysym/uwasy.fd
File: uwasy.fd 2003/10/30 v2.0 Wasy-2 symbol font definitions
)
LaTeX Font Info:    Try loading font information for OT1+ptm on input line 111.


(/usr/local/texlive/2013/texmf-dist/tex/latex/psnfss/ot1ptm.fd
File: ot1ptm.fd 2001/06/04 font definitions for OT1/ptm.
)
LaTeX Font Info:    Font shape `OT1/ptm/bx/n' in size <7> not available
(Font)              Font shape `OT1/ptm/b/n' tried instead on input line 111.
LaTeX Font Info:    Font shape `OT1/ptm/bx/n' in size <5> not available
(Font)              Font shape `OT1/ptm/b/n' tried instead on input line 111.
LaTeX Font Info:    Font shape `T1/phv/m/n' will be
(Font)              scaled to size 8.09995pt on input line 115.
 [1


{/usr/local/texlive/2013/texmf-var/fonts/map/pdftex/updmap/pdftex.map}] [2

]
LaTeX Font Info:    Font shape `T1/phv/m/n' will be
(Font)              scaled to size 22.39185pt on input line 119.
LaTeX Font Info:    Font shape `T1/phv/bx/n' in size <24.88> not available
(Font)              Font shape `T1/phv/b/n' tried instead on input line 119.
LaTeX Font Info:    Font shape `T1/phv/b/n' will be
(Font)              scaled to size 22.39185pt on input line 119.
LaTeX Font Info:    Font shape `T1/phv/bc/n' will be
(Font)              scaled to size 22.39185pt on input line 119.
 (./refman.toc
LaTeX Font Info:    Font shape `T1/phv/bx/n' in size <10> not available
(Font)              Font shape `T1/phv/b/n' tried instead on input line 2.
LaTeX Font Info:    Font shape `T1/phv/b/n' will be
(Font)              scaled to size 8.99994pt on input line 2.
LaTeX Font Info:    Font shape `OT1/ptm/bx/n' in size <10> not available
(Font)              Font shape `OT1/ptm/b/n' tried instead on input line 2.
LaTeX Font Info:    Font shape `OT1/ptm/bx/n' in size <7.4> not available
(Font)              Font shape `OT1/ptm/b/n' tried instead on input line 2.
LaTeX Font Info:    Font shape `OT1/ptm/bx/n' in size <6> not available
(Font)              Font shape `OT1/ptm/b/n' tried instead on input line 2.

[3

]
LaTeX Font Info:    Font shape `T1/phv/bx/n' in size <7> not available
(Font)              Font shape `T1/phv/b/n' tried instead on input line 72.
LaTeX Font Info:    Font shape `T1/phv/b/n' will be
(Font)              scaled to size 6.29996pt on input line 72.
 [4] [5] [6] [7] [8])
\tf@toc=\write4
\openout4 = `refman.toc'.

 [9] [10]
Chapitre 1.
LaTeX Font Info:    Font shape `T1/phv/m/n' will be
(Font)              scaled to size 18.66588pt on input line 124.
LaTeX Font Info:    Font shape `T1/phv/bx/n' in size <20.74> not available
(Font)              Font shape `T1/phv/b/n' tried instead on input line 124.
LaTeX Font Info:    Font shape `T1/phv/b/n' will be
(Font)              scaled to size 18.66588pt on input line 124.
LaTeX Font Info:    Font shape `T1/phv/bc/n' will be
(Font)              scaled to size 18.66588pt on input line 124.
(./hierarchy.tex
LaTeX Font Info:    Font shape `T1/phv/bx/n' in size <14.4> not available
(Font)              Font shape `T1/phv/b/n' tried instead on input line 1.
LaTeX Font Info:    Font shape `T1/phv/b/n' will be
(Font)              scaled to size 12.9599pt on input line 1.
LaTeX Font Info:    Font shape `T1/phv/bc/n' will be
(Font)              scaled to size 12.9599pt on input line 1.


LaTeX Warning: Reference `class_t_x_t_argon_1_1h' on page 1 undefined on input 
line 20.


LaTeX Warning: Reference `class_t_x_t_neon_1_1h' on page 1 undefined on input l
ine 21.


LaTeX Warning: Reference `class_t_x_t_helium_1_1h' on page 1 undefined on input
 line 22.

) [1


] [2

]
Chapitre 2.
(./annotated.tex

LaTeX Warning: Reference `class_t_x_t_argon_1_1h' on page 3 undefined on input 
line 13.


LaTeX Warning: Reference `class_t_x_t_neon_1_1h' on page 3 undefined on input l
ine 14.


LaTeX Warning: Reference `class_t_x_t_helium_1_1h' on page 3 undefined on input
 line 15.

) [3] [4

]
Chapitre 3.
(./files.tex
Underfull \hbox (badness 10000) in paragraph at lines 10--10
 [][] \T1/phv/m/n/10 /[]Users/burkhard/[]Dropbox/projet d'info/maximilian-g065/
[]Simulation d'un gaz parfait/\T1/phv/b/n/10 Generateur[] 
 []


Underfull \hbox (badness 10000) in paragraph at lines 11--11
 [][] \T1/phv/m/n/10 /[]Users/burkhard/[]Dropbox/projet d'info/maximilian-g065/
[]Simulation d'un gaz parfait/\T1/phv/b/n/10 Generateur[] 
 []


Underfull \vbox (badness 4291) has occurred while \output is active []

 [5])
[6]
Chapitre 4.
(./class_canon.tex
LaTeX Font Info:    Try loading font information for T1+pcr on input line 10.

(/usr/local/texlive/2013/texmf-dist/tex/latex/psnfss/t1pcr.fd
File: t1pcr.fd 2001/06/04 font definitions for T1/pcr.
)
Package epstopdf Info: Source file: <class_canon.eps>
(epstopdf)                    date: 2014-05-26 23:22:54
(epstopdf)                    size: 3772 bytes
(epstopdf)             Output file: <class_canon-eps-converted-to.pdf>
(epstopdf)                    date: 2014-05-26 16:59:33
(epstopdf)                    size: 4747 bytes
(epstopdf)             Command: <repstopdf --outfile=class_canon-eps-converted-
to.pdf class_canon.eps>
(epstopdf)             \includegraphics on input line 15.
runsystem(repstopdf --outfile=class_canon-eps-converted-to.pdf class_canon.eps)
...executed safely (allowed).

Package epstopdf Info: Result file: <class_canon-eps-converted-to.pdf>
(epstopdf)                    date: 2014-05-26 23:25:14
(epstopdf)                    size: 4747 bytes.

<class_canon-eps-converted-to.pdf, id=58, 501.875pt x 489.62924pt>
File: class_canon-eps-converted-to.pdf Graphic file (type pdf)

<use class_canon-eps-converted-to.pdf>
Package pdftex.def Info: class_canon-eps-converted-to.pdf used on input line 15
.
(pdftex.def)             Requested size: 58.32321pt x 56.9055pt.
LaTeX Font Info:    Font shape `T1/phv/bx/n' in size <12> not available
(Font)              Font shape `T1/phv/b/n' tried instead on input line 18.
LaTeX Font Info:    Font shape `T1/phv/b/n' will be
(Font)              scaled to size 10.79993pt on input line 18.
LaTeX Font Info:    Font shape `T1/phv/bc/n' will be
(Font)              scaled to size 10.79993pt on input line 18.
LaTeX Font Info:    Font shape `T1/phv/m/it' in size <9> not available
(Font)              Font shape `T1/phv/m/sl' tried instead on input line 22.
LaTeX Font Info:    Font shape `T1/phv/m/sl' will be
(Font)              scaled to size 8.09995pt on input line 22.
LaTeX Font Info:    Font shape `T1/phv/bx/it' in size <9> not available
(Font)              Font shape `T1/phv/b/it' tried instead on input line 24.
LaTeX Font Info:    Font shape `T1/phv/b/it' in size <9> not available
(Font)              Font shape `T1/phv/b/sl' tried instead on input line 24.
LaTeX Font Info:    Font shape `T1/phv/b/sl' will be
(Font)              scaled to size 8.09995pt on input line 24.
LaTeX Font Info:    Font shape `T1/phv/m/it' in size <7> not available
(Font)              Font shape `T1/phv/m/sl' tried instead on input line 26.
LaTeX Font Info:    Font shape `T1/phv/m/sl' will be
(Font)              scaled to size 6.29996pt on input line 26.
LaTeX Font Info:    Font shape `T1/phv/bc/n' will be
(Font)              scaled to size 8.99994pt on input line 47.
LaTeX Font Info:    Font shape `T1/phv/bc/n' will be
(Font)              scaled to size 6.29996pt on input line 47.
 [7

 <./class_canon-eps-converted-to.pdf>]

LaTeX Font Warning: Font shape `T1/pcr/bc/n' undefined
(Font)              using `T1/pcr/m/n' instead on input line 62.


./class_canon.tex:85: Package inputenc Error: Unicode char \u8:ĉ not set up fo
r use with LaTeX.

See the inputenc package documentation for explanation.
Type  H <return>  for immediate help.
 ...                                              
                                                  
l.85 ...osants dans les différents endroits graĉ
                                                  e aux matrices de translat...

? 
) (./class_dessinable.tex
Package epstopdf Info: Source file: <class_dessinable.eps>
(epstopdf)                    date: 2014-05-26 23:22:54
(epstopdf)                    size: 4640 bytes
(epstopdf)             Output file: <class_dessinable-eps-converted-to.pdf>
(epstopdf)                    date: 2014-05-26 16:59:36
(epstopdf)                    size: 7359 bytes
(epstopdf)             Command: <repstopdf --outfile=class_dessinable-eps-conve
rted-to.pdf class_dessinable.eps>
(epstopdf)             \includegraphics on input line 10.
runsystem(repstopdf --outfile=class_dessinable-eps-converted-to.pdf class_dessi
nable.eps)...executed safely (allowed).

Package epstopdf Info: Result file: <class_dessinable-eps-converted-to.pdf>
(epstopdf)                    date: 2014-05-26 23:25:56
(epstopdf)                    size: 7359 bytes.

<class_dessinable-eps-converted-to.pdf, id=70, 501.875pt x 104.92198pt>
File: class_dessinable-eps-converted-to.pdf Graphic file (type pdf)

<use class_dessinable-eps-converted-to.pdf>
Package pdftex.def Info: class_dessinable-eps-converted-to.pdf used on input li
ne 10.
(pdftex.def)             Requested size: 398.36076pt x 83.27649pt.
 [8 <./class_dessinable-eps-converted-to.pdf>]) (./class_enceinte.tex
Package epstopdf Info: Source file: <class_enceinte.eps>
(epstopdf)                    date: 2014-05-26 23:22:54
(epstopdf)                    size: 3778 bytes
(epstopdf)             Output file: <class_enceinte-eps-converted-to.pdf>
(epstopdf)                    date: 2014-05-26 16:59:38
(epstopdf)                    size: 4858 bytes
(epstopdf)             Command: <repstopdf --outfile=class_enceinte-eps-convert
ed-to.pdf class_enceinte.eps>
(epstopdf)             \includegraphics on input line 10.
runsystem(repstopdf --outfile=class_enceinte-eps-converted-to.pdf class_enceint
e.eps)...executed safely (allowed).

Package epstopdf Info: Result file: <class_enceinte-eps-converted-to.pdf>
(epstopdf)                    date: 2014-05-26 23:25:59
(epstopdf)                    size: 4858 bytes.

<class_enceinte-eps-converted-to.pdf, id=79, 501.875pt x 489.62924pt>
File: class_enceinte-eps-converted-to.pdf Graphic file (type pdf)

<use class_enceinte-eps-converted-to.pdf>
Package pdftex.def Info: class_enceinte-eps-converted-to.pdf used on input line
 10.
(pdftex.def)             Requested size: 58.32321pt x 56.9055pt.


./class_enceinte.tex:35: Package inputenc Error: Unicode char \u8:ĉ not set up
 for use with LaTeX.

See the inputenc package documentation for explanation.
Type  H <return>  for immediate help.
 ...                                              
                                                  
l.35 ... créer une enceinte, de la dessiner graĉ
                                                  e au fait qu'elle hérite ...

? 
[9 <./class_enceinte-eps-converted-to.pdf>]
LaTeX Font Info:    Font shape `T1/phv/bc/it' in size <10> not available
(Font)              Font shape `T1/phv/bc/sl' tried instead on input line 63.
LaTeX Font Info:    Font shape `T1/phv/bc/sl' will be
(Font)              scaled to size 8.99994pt on input line 63.
LaTeX Font Info:    Font shape `T1/phv/m/it' in size <10> not available
(Font)              Font shape `T1/phv/m/sl' tried instead on input line 72.
LaTeX Font Info:    Font shape `T1/phv/m/sl' will be
(Font)              scaled to size 8.99994pt on input line 72.

Underfull \hbox (badness 10000) detected at line 159
[][][]
 []

[10]
Underfull \hbox (badness 10000) detected at line 179
[][][]
 []


Underfull \hbox (badness 10000) detected at line 199
[][][]
 []

) (./class_fenetre.tex
Package epstopdf Info: Source file: <class_fenetre.eps>
(epstopdf)                    date: 2014-05-26 23:22:54
(epstopdf)                    size: 3770 bytes
(epstopdf)             Output file: <class_fenetre-eps-converted-to.pdf>
(epstopdf)                    date: 2014-05-26 16:59:39
(epstopdf)                    size: 4747 bytes
(epstopdf)             Command: <repstopdf --outfile=class_fenetre-eps-converte
d-to.pdf class_fenetre.eps>
(epstopdf)             \includegraphics on input line 10.
runsystem(repstopdf --outfile=class_fenetre-eps-converted-to.pdf class_fenetre.
eps)...executed safely (allowed).

Package epstopdf Info: Result file: <class_fenetre-eps-converted-to.pdf>
(epstopdf)                    date: 2014-05-26 23:26:00
(epstopdf)                    size: 4747 bytes.

<class_fenetre-eps-converted-to.pdf, id=93, 501.875pt x 565.49268pt>
File: class_fenetre-eps-converted-to.pdf Graphic file (type pdf)

<use class_fenetre-eps-converted-to.pdf>
Package pdftex.def Info: class_fenetre-eps-converted-to.pdf used on input line 
10.
(pdftex.def)             Requested size: 50.49675pt x 56.9055pt.

Underfull \hbox (badness 3128) in paragraph at lines 18--19
[]\T1/phv/b/n/10 Fenetre \T1/phv/m/n/10 (wx[]String const &titre, bool re-glage
, wx[]Size const &taille=wx[]Default[]Size, wx[]Point const
 []

[11 <./class_fenetre-eps-converted-to.pdf>]

LaTeX Font Warning: Font shape `T1/pcr/bc/it' undefined
(Font)              using `T1/pcr/bc/n' instead on input line 51.

LaTeX Font Info:    Font shape `T1/phv/m/n' will be
(Font)              scaled to size 7.19995pt on input line 56.
[12]) (./class_generateur_aleatoire.tex [13]
LaTeX Font Info:    Font shape `T1/phv/bc/it' in size <7> not available
(Font)              Font shape `T1/phv/bc/sl' tried instead on input line 77.
LaTeX Font Info:    Font shape `T1/phv/bc/sl' will be
(Font)              scaled to size 6.29996pt on input line 77.

Underfull \hbox (badness 10000) detected at line 89
[][][]
 []


Underfull \hbox (badness 10000) detected at line 115
[][][]
 []


Underfull \hbox (badness 10000) detected at line 141
[][][]
 []

) (./class_g_l_argon.tex [14]
Package epstopdf Info: Source file: <class_g_l_argon.eps>
(epstopdf)                    date: 2014-05-26 23:22:54
(epstopdf)                    size: 3885 bytes
(epstopdf)             Output file: <class_g_l_argon-eps-converted-to.pdf>
(epstopdf)                    date: 2014-05-26 16:59:40
(epstopdf)                    size: 5691 bytes
(epstopdf)             Command: <repstopdf --outfile=class_g_l_argon-eps-conver
ted-to.pdf class_g_l_argon.eps>
(epstopdf)             \includegraphics on input line 15.
runsystem(repstopdf --outfile=class_g_l_argon-eps-converted-to.pdf class_g_l_ar
gon.eps)...executed safely (allowed).

Package epstopdf Info: Result file: <class_g_l_argon-eps-converted-to.pdf>
(epstopdf)                    date: 2014-05-26 23:26:02
(epstopdf)                    size: 5691 bytes.

<class_g_l_argon-eps-converted-to.pdf, id=111, 501.875pt x 734.45393pt>
File: class_g_l_argon-eps-converted-to.pdf Graphic file (type pdf)

<use class_g_l_argon-eps-converted-to.pdf>
Package pdftex.def Info: class_g_l_argon-eps-converted-to.pdf used on input lin
e 15.
(pdftex.def)             Requested size: 58.32321pt x 85.35826pt.
 [15 <./class_g_l_argon-eps-converted-to.pdf>]) (./class_g_l_fluor.tex
Package epstopdf Info: Source file: <class_g_l_fluor.eps>
(epstopdf)                    date: 2014-05-26 23:22:54
(epstopdf)                    size: 3885 bytes
(epstopdf)             Output file: <class_g_l_fluor-eps-converted-to.pdf>
(epstopdf)                    date: 2014-05-26 16:59:41
(epstopdf)                    size: 5469 bytes
(epstopdf)             Command: <repstopdf --outfile=class_g_l_fluor-eps-conver
ted-to.pdf class_g_l_fluor.eps>
(epstopdf)             \includegraphics on input line 15.
runsystem(repstopdf --outfile=class_g_l_fluor-eps-converted-to.pdf class_g_l_fl
uor.eps)...executed safely (allowed).

Package epstopdf Info: Result file: <class_g_l_fluor-eps-converted-to.pdf>
(epstopdf)                    date: 2014-05-26 23:26:04
(epstopdf)                    size: 5469 bytes.

<class_g_l_fluor-eps-converted-to.pdf, id=121, 501.875pt x 734.45393pt>
File: class_g_l_fluor-eps-converted-to.pdf Graphic file (type pdf)

<use class_g_l_fluor-eps-converted-to.pdf>
Package pdftex.def Info: class_g_l_fluor-eps-converted-to.pdf used on input lin
e 15.
(pdftex.def)             Requested size: 58.32321pt x 85.35826pt.
 [16 <./class_g_l_fluor-eps-converted-to.pdf>] [17]) (./class_g_l_helium.tex
Package epstopdf Info: Source file: <class_g_l_helium.eps>
(epstopdf)                    date: 2014-05-26 23:22:54
(epstopdf)                    size: 3887 bytes
(epstopdf)             Output file: <class_g_l_helium-eps-converted-to.pdf>
(epstopdf)                    date: 2014-05-26 16:59:42
(epstopdf)                    size: 5544 bytes
(epstopdf)             Command: <repstopdf --outfile=class_g_l_helium-eps-conve
rted-to.pdf class_g_l_helium.eps>
(epstopdf)             \includegraphics on input line 15.
runsystem(repstopdf --outfile=class_g_l_helium-eps-converted-to.pdf class_g_l_h
elium.eps)...executed safely (allowed).

Package epstopdf Info: Result file: <class_g_l_helium-eps-converted-to.pdf>
(epstopdf)                    date: 2014-05-26 23:26:05
(epstopdf)                    size: 5544 bytes.

<class_g_l_helium-eps-converted-to.pdf, id=133, 501.875pt x 734.45393pt>
File: class_g_l_helium-eps-converted-to.pdf Graphic file (type pdf)

<use class_g_l_helium-eps-converted-to.pdf>
Package pdftex.def Info: class_g_l_helium-eps-converted-to.pdf used on input li
ne 15.
(pdftex.def)             Requested size: 58.32321pt x 85.35826pt.
 [18] [19 <./class_g_l_helium-eps-converted-to.pdf>]) (./class_g_l_neon.tex
Package epstopdf Info: Source file: <class_g_l_neon.eps>
(epstopdf)                    date: 2014-05-26 23:22:54
(epstopdf)                    size: 3883 bytes
(epstopdf)             Output file: <class_g_l_neon-eps-converted-to.pdf>
(epstopdf)                    date: 2014-05-26 16:59:44
(epstopdf)                    size: 5486 bytes
(epstopdf)             Command: <repstopdf --outfile=class_g_l_neon-eps-convert
ed-to.pdf class_g_l_neon.eps>
(epstopdf)             \includegraphics on input line 15.
runsystem(repstopdf --outfile=class_g_l_neon-eps-converted-to.pdf class_g_l_neo
n.eps)...executed safely (allowed).

Package epstopdf Info: Result file: <class_g_l_neon-eps-converted-to.pdf>
(epstopdf)                    date: 2014-05-26 23:26:06
(epstopdf)                    size: 5486 bytes.

<class_g_l_neon-eps-converted-to.pdf, id=145, 501.875pt x 734.45393pt>
File: class_g_l_neon-eps-converted-to.pdf Graphic file (type pdf)

<use class_g_l_neon-eps-converted-to.pdf>
Package pdftex.def Info: class_g_l_neon-eps-converted-to.pdf used on input line
 15.
(pdftex.def)             Requested size: 58.32321pt x 85.35826pt.
 [20 <./class_g_l_neon-eps-converted-to.pdf>] [21]) (./class_g_u_i.tex
Package epstopdf Info: Source file: <class_g_u_i.eps>
(epstopdf)                    date: 2014-05-26 23:22:54
(epstopdf)                    size: 3758 bytes
(epstopdf)             Output file: <class_g_u_i-eps-converted-to.pdf>
(epstopdf)                    date: 2014-05-26 16:59:45
(epstopdf)                    size: 4455 bytes
(epstopdf)             Command: <repstopdf --outfile=class_g_u_i-eps-converted-
to.pdf class_g_u_i.eps>
(epstopdf)             \includegraphics on input line 15.
runsystem(repstopdf --outfile=class_g_u_i-eps-converted-to.pdf class_g_u_i.eps)
...executed safely (allowed).

Package epstopdf Info: Result file: <class_g_u_i-eps-converted-to.pdf>
(epstopdf)                    date: 2014-05-26 23:26:08
(epstopdf)                    size: 4469 bytes.

<class_g_u_i-eps-converted-to.pdf, id=158, 501.875pt x 692.2462pt>
File: class_g_u_i-eps-converted-to.pdf Graphic file (type pdf)

<use class_g_u_i-eps-converted-to.pdf>
Package pdftex.def Info: class_g_u_i-eps-converted-to.pdf used on input line 15
.
(pdftex.def)             Requested size: 41.25356pt x 56.9055pt.
 [22 <./class_g_u_i-eps-converted-to.pdf>]) (./class_t_x_t_argon_1_1h.tex
Underfull \hbox (badness 10000) detected at line 17
[][][]
 []

) (./class_t_x_t_neon_1_1h.tex
Underfull \hbox (badness 10000) detected at line 17
[][][]
 []

) (./class_t_x_t_helium_1_1h.tex [23]
Underfull \hbox (badness 10000) detected at line 17
[][][]
 []

) (./class_particule.tex
Package epstopdf Info: Source file: <class_particule.eps>
(epstopdf)                    date: 2014-05-26 23:22:55
(epstopdf)                    size: 4379 bytes
(epstopdf)             Output file: <class_particule-eps-converted-to.pdf>
(epstopdf)                    date: 2014-05-26 16:59:46
(epstopdf)                    size: 6707 bytes
(epstopdf)             Command: <repstopdf --outfile=class_particule-eps-conver
ted-to.pdf class_particule.eps>
(epstopdf)             \includegraphics on input line 15.
runsystem(repstopdf --outfile=class_particule-eps-converted-to.pdf class_partic
ule.eps)...executed safely (allowed).

Package epstopdf Info: Result file: <class_particule-eps-converted-to.pdf>
(epstopdf)                    date: 2014-05-26 23:26:09
(epstopdf)                    size: 6707 bytes.

<class_particule-eps-converted-to.pdf, id=171, 501.875pt x 104.92198pt>
File: class_particule-eps-converted-to.pdf Graphic file (type pdf)

<use class_particule-eps-converted-to.pdf>
Package pdftex.def Info: class_particule-eps-converted-to.pdf used on input lin
e 15.
(pdftex.def)             Requested size: 398.36076pt x 83.27649pt.
 [24 <./class_particule-eps-converted-to.pdf>]
Underfull \hbox (badness 10000) detected at line 151
[][][]
 []

[25] [26]
Underfull \hbox (badness 10000) detected at line 236
[][][]
 []


Underfull \hbox (badness 10000) detected at line 254
[][][]
 []

[27]
Underfull \hbox (badness 10000) detected at line 277
[][][]
 []

) (./class_systeme.tex
Package epstopdf Info: Source file: <class_systeme.eps>
(epstopdf)                    date: 2014-05-26 23:22:55
(epstopdf)                    size: 3776 bytes
(epstopdf)             Output file: <class_systeme-eps-converted-to.pdf>
(epstopdf)                    date: 2014-05-26 16:59:47
(epstopdf)                    size: 5098 bytes
(epstopdf)             Command: <repstopdf --outfile=class_systeme-eps-converte
d-to.pdf class_systeme.eps>
(epstopdf)             \includegraphics on input line 15.
runsystem(repstopdf --outfile=class_systeme-eps-converted-to.pdf class_systeme.
eps)...executed safely (allowed).

Package epstopdf Info: Result file: <class_systeme-eps-converted-to.pdf>
(epstopdf)                    date: 2014-05-26 23:26:10
(epstopdf)                    size: 5098 bytes.

<class_systeme-eps-converted-to.pdf, id=190, 501.875pt x 489.62924pt>
File: class_systeme-eps-converted-to.pdf Graphic file (type pdf)

<use class_systeme-eps-converted-to.pdf>
Package pdftex.def Info: class_systeme-eps-converted-to.pdf used on input line 
15.
(pdftex.def)             Requested size: 58.32321pt x 56.9055pt.
 [28 <./class_systeme-eps-converted-to.pdf>] [29] [30]) (./class_t_x_t_argon.te
x
Package epstopdf Info: Source file: <class_t_x_t_argon.eps>
(epstopdf)                    date: 2014-05-26 23:22:56
(epstopdf)                    size: 3887 bytes
(epstopdf)             Output file: <class_t_x_t_argon-eps-converted-to.pdf>
(epstopdf)                    date: 2014-05-26 16:59:48
(epstopdf)                    size: 5678 bytes
(epstopdf)             Command: <repstopdf --outfile=class_t_x_t_argon-eps-conv
erted-to.pdf class_t_x_t_argon.eps>
(epstopdf)             \includegraphics on input line 10.
runsystem(repstopdf --outfile=class_t_x_t_argon-eps-converted-to.pdf class_t_x_
t_argon.eps)...executed safely (allowed).

Package epstopdf Info: Result file: <class_t_x_t_argon-eps-converted-to.pdf>
(epstopdf)                    date: 2014-05-26 23:26:11
(epstopdf)                    size: 5678 bytes.

<class_t_x_t_argon-eps-converted-to.pdf, id=205, 501.875pt x 734.45393pt>
File: class_t_x_t_argon-eps-converted-to.pdf Graphic file (type pdf)

<use class_t_x_t_argon-eps-converted-to.pdf>
Package pdftex.def Info: class_t_x_t_argon-eps-converted-to.pdf used on input l
ine 10.
(pdftex.def)             Requested size: 58.32321pt x 85.35826pt.
 [31 <./class_t_x_t_argon-eps-converted-to.pdf>]) (./class_t_x_t_helium.tex
Package epstopdf Info: Source file: <class_t_x_t_helium.eps>
(epstopdf)                    date: 2014-05-26 23:22:57
(epstopdf)                    size: 3889 bytes
(epstopdf)             Output file: <class_t_x_t_helium-eps-converted-to.pdf>
(epstopdf)                    date: 2014-05-26 16:59:50
(epstopdf)                    size: 5526 bytes
(epstopdf)             Command: <repstopdf --outfile=class_t_x_t_helium-eps-con
verted-to.pdf class_t_x_t_helium.eps>
(epstopdf)             \includegraphics on input line 10.
runsystem(repstopdf --outfile=class_t_x_t_helium-eps-converted-to.pdf class_t_x
_t_helium.eps)...executed safely (allowed).

Package epstopdf Info: Result file: <class_t_x_t_helium-eps-converted-to.pdf>
(epstopdf)                    date: 2014-05-26 23:26:13
(epstopdf)                    size: 5526 bytes.

<class_t_x_t_helium-eps-converted-to.pdf, id=214, 501.875pt x 734.45393pt>
File: class_t_x_t_helium-eps-converted-to.pdf Graphic file (type pdf)

<use class_t_x_t_helium-eps-converted-to.pdf>
Package pdftex.def Info: class_t_x_t_helium-eps-converted-to.pdf used on input 
line 10.
(pdftex.def)             Requested size: 58.32321pt x 85.35826pt.
 [32 <./class_t_x_t_helium-eps-converted-to.pdf>]) (./class_t_x_t_neon.tex
Package epstopdf Info: Source file: <class_t_x_t_neon.eps>
(epstopdf)                    date: 2014-05-26 23:22:57
(epstopdf)                    size: 3885 bytes
(epstopdf)             Output file: <class_t_x_t_neon-eps-converted-to.pdf>
(epstopdf)                    date: 2014-05-26 16:59:51
(epstopdf)                    size: 5482 bytes
(epstopdf)             Command: <repstopdf --outfile=class_t_x_t_neon-eps-conve
rted-to.pdf class_t_x_t_neon.eps>
(epstopdf)             \includegraphics on input line 10.
runsystem(repstopdf --outfile=class_t_x_t_neon-eps-converted-to.pdf class_t_x_t
_neon.eps)...executed safely (allowed).

Package epstopdf Info: Result file: <class_t_x_t_neon-eps-converted-to.pdf>
(epstopdf)                    date: 2014-05-26 23:26:15
(epstopdf)                    size: 5482 bytes.

<class_t_x_t_neon-eps-converted-to.pdf, id=223, 501.875pt x 734.45393pt>
File: class_t_x_t_neon-eps-converted-to.pdf Graphic file (type pdf)

<use class_t_x_t_neon-eps-converted-to.pdf>
Package pdftex.def Info: class_t_x_t_neon-eps-converted-to.pdf used on input li
ne 10.
(pdftex.def)             Requested size: 58.32321pt x 85.35826pt.
 [33]) (./class_vecteur.tex [34 <./class_t_x_t_neon-eps-converted-to.pdf>] [35]

Underfull \hbox (badness 10000) detected at line 117
[][][]
 []


Underfull \hbox (badness 10000) detected at line 137
[][][]
 []


Underfull \hbox (badness 10000) detected at line 157
[][][]
 []


Underfull \hbox (badness 10000) detected at line 177
[][][]
 []

[36] [37]
LaTeX Font Info:    Font shape `T1/phv/bx/it' in size <10> not available
(Font)              Font shape `T1/phv/b/it' tried instead on input line 197.
LaTeX Font Info:    Font shape `T1/phv/b/it' in size <10> not available
(Font)              Font shape `T1/phv/b/sl' tried instead on input line 197.
LaTeX Font Info:    Font shape `T1/phv/b/sl' will be
(Font)              scaled to size 8.99994pt on input line 197.

Underfull \hbox (badness 10000) detected at line 200
[][][]
 []


Underfull \hbox (badness 10000) detected at line 225
[][][]
 []


Underfull \hbox (badness 10000) detected at line 250
[][][]
 []


Underfull \hbox (badness 10000) detected at line 275
[][][]
 []

[38]
Underfull \hbox (badness 10000) detected at line 295
[][][]
 []


Underfull \hbox (badness 10000) detected at line 320
[][][]
 []


Underfull \hbox (badness 10000) detected at line 343
[][][]
 []


Underfull \hbox (badness 10000) detected at line 368
[][][]
 []

) (./class_vue___open_g_l.tex
Package epstopdf Info: Source file: <class_vue___open_g_l.eps>
(epstopdf)                    date: 2014-05-26 23:22:57
(epstopdf)                    size: 3782 bytes
(epstopdf)             Output file: <class_vue___open_g_l-eps-converted-to.pdf>

(epstopdf)                    date: 2014-05-26 16:59:52
(epstopdf)                    size: 5397 bytes
(epstopdf)             Command: <repstopdf --outfile=class_vue___open_g_l-eps-c
onverted-to.pdf class_vue___open_g_l.eps>
(epstopdf)             \includegraphics on input line 15.
runsystem(repstopdf --outfile=class_vue___open_g_l-eps-converted-to.pdf class_v
ue___open_g_l.eps)...executed safely (allowed).

Package epstopdf Info: Result file: <class_vue___open_g_l-eps-converted-to.pdf>

(epstopdf)                    date: 2014-05-26 23:26:17
(epstopdf)                    size: 5397 bytes.

<class_vue___open_g_l-eps-converted-to.pdf, id=248, 501.875pt x 413.91638pt>
File: class_vue___open_g_l-eps-converted-to.pdf Graphic file (type pdf)

<use class_vue___open_g_l-eps-converted-to.pdf>
Package pdftex.def Info: class_vue___open_g_l-eps-converted-to.pdf used on inpu
t line 15.
(pdftex.def)             Requested size: 68.99078pt x 56.9055pt.
 [39]
LaTeX Font Info:    Font shape `T1/phv/bx/it' in size <7> not available
(Font)              Font shape `T1/phv/b/it' tried instead on input line 22.
LaTeX Font Info:    Font shape `T1/phv/b/it' in size <7> not available
(Font)              Font shape `T1/phv/b/sl' tried instead on input line 22.
LaTeX Font Info:    Font shape `T1/phv/b/sl' will be
(Font)              scaled to size 6.29996pt on input line 22.

Underfull \hbox (badness 1033) in paragraph at lines 23--24
[]\T1/phv/b/n/10 Vue[]_[][]Open[]G[]L \T1/phv/m/n/10 (wx[]Window $\OMS/ztmcm/m/
n/10 ^^C$\T1/phv/m/n/10 parent, bool re-glage, wx[]Size const &taille=wx[]Defau
lt[]Size, wx[]Point const
 []

[40 <./class_vue___open_g_l-eps-converted-to.pdf>] [41]) [42]
Chapitre 5.
(./_canon_8cc.tex
Underfull \hbox (badness 10000) in paragraph at lines 1--1
[]\T1/phv/bc/n/14.4 Rfrence du fi-chier /[]Users/burkhard/[]Dropbox/projet d'
info/maximilian-g065/[]
 []


Underfull \hbox (badness 10000) in paragraph at lines 8--13

 []


Underfull \hbox (badness 10000) detected at line 18
[][][]
 []


Underfull \hbox (badness 10000) detected at line 21
[][][]
 []


Underfull \hbox (badness 10000) detected at line 24
[][][]
 []

) (./_canon_8cc_source.tex [43

]) (./_canon_8h.tex
Underfull \hbox (badness 10000) in paragraph at lines 1--1
[]\T1/phv/bc/n/14.4 Rfrence du fi-chier /[]Users/burkhard/[]Dropbox/projet d'
info/maximilian-g065/[]
 []


Underfull \hbox (badness 10000) in paragraph at lines 8--12

 []


Underfull \hbox (badness 10000) detected at line 22
[][][]
 []


Underfull \hbox (badness 10000) detected at line 25
[][][]
 []

[44]
Underfull \hbox (badness 10000) detected at line 28
[][][]
 []

) (./_canon_8h_source.tex) (./_dessinable_8h.tex
Underfull \hbox (badness 10000) in paragraph at lines 1--1
[]\T1/phv/bc/n/14.4 Rfrence du fi-chier /[]Users/burkhard/[]Dropbox/projet d'
info/maximilian-g065/[]
 []

[45]
Underfull \hbox (badness 10000) detected at line 18
[][][]
 []


Underfull \hbox (badness 10000) detected at line 21
[][][]
 []


Underfull \hbox (badness 10000) detected at line 24
[][][]
 []

) (./_dessinable_8h_source.tex) (./_enceinte_8cc.tex
Underfull \hbox (badness 10000) in paragraph at lines 1--1
[]\T1/phv/bc/n/14.4 Rfrence du fi-chier /[]Users/burkhard/[]Dropbox/projet d'
info/maximilian-g065/[]
 []


Underfull \hbox (badness 10000) in paragraph at lines 8--13

 []


Underfull \hbox (badness 10000) detected at line 18
[][][]
 []


Underfull \hbox (badness 10000) detected at line 21
[][][]
 []


Underfull \hbox (badness 10000) detected at line 24
[][][]
 []

) (./_enceinte_8cc_source.tex [46]
Overfull \hbox (19.35555pt too wide) in paragraph at lines 28--29
[]\T1/pcr/bc/it/7 00042         largeur = wxAtoi(wxGetTextFromUser(wxT([]"Rentr
ez une largeur (entre 0 et 150)"[]), wxT([]"Paramtrage de[] 
 []


Overfull \hbox (15.15555pt too wide) in paragraph at lines 34--35
[]\T1/pcr/bc/it/7 00047         longueur = wxAtoi(wxGetTextFromUser(wxT([]"Rent
rez une longueur (entre 0 et 150)"[]), wxT([]"Paramtrage[] 
 []


Overfull \hbox (19.35555pt too wide) in paragraph at lines 40--41
[]\T1/pcr/bc/it/7 00052         hauteur = wxAtoi(wxGetTextFromUser(wxT([]"Rentr
ez une hauteur (entre 0 et 150)"[]), wxT([]"Paramtrage de[] 
 []


Underfull \vbox (badness 10000) has occurred while \output is active []

 [47])
(./_enceinte_8h.tex
Underfull \hbox (badness 10000) in paragraph at lines 1--1
[]\T1/phv/bc/n/14.4 Rfrence du fi-chier /[]Users/burkhard/[]Dropbox/projet d'
info/maximilian-g065/[]
 []


Underfull \hbox (badness 10000) in paragraph at lines 8--9

 []


Underfull \hbox (badness 10000) detected at line 19
[][][]
 []


Underfull \hbox (badness 10000) detected at line 22
[][][]
 []


Underfull \hbox (badness 10000) detected at line 25
[][][]
 []

) (./_enceinte_8h_source.tex [48]) (./_fenetre_8cc.tex
Underfull \hbox (badness 7030) in paragraph at lines 1--1
[]\T1/phv/bc/n/14.4 Rfrence du fi-chier /[]Users/burkhard/[]Dropbox/projet d'
info/maximilian-g065/[]
 []


Underfull \hbox (badness 10000) in paragraph at lines 8--9

 []


Underfull \hbox (badness 10000) detected at line 14
[][][]
 []


Underfull \hbox (badness 10000) detected at line 17
[][][]
 []


Underfull \hbox (badness 10000) detected at line 20
[][][]
 []

) (./_fenetre_8cc_source.tex

Package Fancyhdr Warning: \headheight is too small (12.0pt): 
 Make it at least 22.39041pt.
 We now make it that large for the rest of the document.
 This may cause the page layout to be inconsistent, however.

[49]) (./_fenetre_8h.tex
Underfull \hbox (badness 7030) in paragraph at lines 1--1
[]\T1/phv/bc/n/14.4 Rfrence du fi-chier /[]Users/burkhard/[]Dropbox/projet d'
info/maximilian-g065/[]
 []


Underfull \hbox (badness 10000) in paragraph at lines 8--11

 []


Underfull \hbox (badness 10000) detected at line 21
[][][]
 []


Underfull \hbox (badness 10000) detected at line 24
[][][]
 []

[50]
Underfull \hbox (badness 10000) detected at line 27
[][][]
 []

) (./_fenetre_8h_source.tex) (./_generateur_aleatoire_8cc.tex
Underfull \hbox (badness 7030) in paragraph at lines 1--1
[]\T1/phv/bc/n/14.4 Rfrence du fi-chier /[]Users/burkhard/[]Dropbox/projet d'
info/maximilian-g065/[]
 []


Underfull \hbox (badness 10000) in paragraph at lines 8--9

 []


Underfull \hbox (badness 10000) detected at line 14
[][][]
 []


Underfull \hbox (badness 10000) detected at line 17
[][][]
 []

[51]
Underfull \hbox (badness 10000) detected at line 20
[][][]
 []

) (./_generateur_aleatoire_8cc_source.tex
Overfull \hbox (19.35555pt too wide) in paragraph at lines 19--19
[]\T1/pcr/bc/it/7 00033     []return[] distribution_uniforme_entier(generateur,
 std::uniform_int_distribution<int>::param_type{min, max[] 
 []

) (./_generateur_aleatoire_8h.tex
Underfull \hbox (badness 7030) in paragraph at lines 1--1
[]\T1/phv/bc/n/14.4 Rfrence du fi-chier /[]Users/burkhard/[]Dropbox/projet d'
info/maximilian-g065/[]
 []


Underfull \hbox (badness 10000) in paragraph at lines 8--9

 []


Underfull \hbox (badness 10000) detected at line 19
[][][]
 []


Underfull \hbox (badness 10000) detected at line 22
[][][]
 []


Underfull \hbox (badness 10000) detected at line 25
[][][]
 []

) (./_generateur_aleatoire_8h_source.tex [52]) (./_g_l_argon_8cc.tex
Underfull \hbox (badness 7030) in paragraph at lines 1--1
[]\T1/phv/bc/n/14.4 Rfrence du fi-chier /[]Users/burkhard/[]Dropbox/projet d'
info/maximilian-g065/[]
 []


Underfull \hbox (badness 10000) in paragraph at lines 8--9

 []


Underfull \hbox (badness 10000) detected at line 14
[][][]
 []


Underfull \hbox (badness 10000) detected at line 17
[][][]
 []


Underfull \hbox (badness 10000) detected at line 20
[][][]
 []

) (./_g_l_argon_8cc_source.tex [53]) (./_g_l_argon_8h.tex
Underfull \hbox (badness 7030) in paragraph at lines 1--1
[]\T1/phv/bc/n/14.4 Rfrence du fi-chier /[]Users/burkhard/[]Dropbox/projet d'
info/maximilian-g065/[]
 []


Underfull \hbox (badness 10000) in paragraph at lines 8--12

 []


Underfull \hbox (badness 10000) detected at line 24
[][][]
 []


Underfull \hbox (badness 10000) detected at line 27
[][][]
 []


Underfull \hbox (badness 10000) detected at line 30
[][][]
 []


Underfull \hbox (badness 10000) detected at line 33
[][][]
 []

[54]
Underfull \hbox (badness 10000) detected at line 36
[][][]
 []


Underfull \hbox (badness 10000) detected at line 39
[][][]
 []

) (./_g_l_argon_8h_source.tex) (./_g_l_fluor_8cc.tex
Underfull \hbox (badness 7030) in paragraph at lines 1--1
[]\T1/phv/bc/n/14.4 Rfrence du fi-chier /[]Users/burkhard/[]Dropbox/projet d'
info/maximilian-g065/[]
 []


Underfull \hbox (badness 10000) in paragraph at lines 8--9

 []


Underfull \hbox (badness 10000) detected at line 14
[][][]
 []


Underfull \hbox (badness 10000) detected at line 17
[][][]
 []

[55]
Underfull \hbox (badness 10000) detected at line 20
[][][]
 []

) (./_g_l_fluor_8cc_source.tex
Overfull \hbox (19.35555pt too wide) in paragraph at lines 50--50
[]\T1/pcr/bc/it/7 00090             glVertex3f((*dequePositions[i]).getX(), (*d
equePositions[i]).getY(), (*dequePositions[i]).getZ([] 
 []

) (./_g_l_fluor_8h.tex
Underfull \hbox (badness 7030) in paragraph at lines 1--1
[]\T1/phv/bc/n/14.4 Rfrence du fi-chier /[]Users/burkhard/[]Dropbox/projet d'
info/maximilian-g065/[]
 []


Underfull \hbox (badness 10000) in paragraph at lines 8--15

 []

[56]
Underfull \hbox (badness 10000) detected at line 25
[][][]
 []


Underfull \hbox (badness 10000) detected at line 28
[][][]
 []


Underfull \hbox (badness 10000) detected at line 31
[][][]
 []

) (./_g_l_fluor_8h_source.tex [57]) (./_g_l_helium_8cc.tex
Underfull \hbox (badness 7030) in paragraph at lines 1--1
[]\T1/phv/bc/n/14.4 Rfrence du fi-chier /[]Users/burkhard/[]Dropbox/projet d'
info/maximilian-g065/[]
 []


Underfull \hbox (badness 10000) in paragraph at lines 8--9

 []


Underfull \hbox (badness 10000) detected at line 14
[][][]
 []


Underfull \hbox (badness 10000) detected at line 17
[][][]
 []


Underfull \hbox (badness 10000) detected at line 20
[][][]
 []

) (./_g_l_helium_8cc_source.tex [58]) (./_g_l_helium_8h.tex
Underfull \hbox (badness 7030) in paragraph at lines 1--1
[]\T1/phv/bc/n/14.4 Rfrence du fi-chier /[]Users/burkhard/[]Dropbox/projet d'
info/maximilian-g065/[]
 []


Underfull \hbox (badness 10000) in paragraph at lines 8--12

 []


Underfull \hbox (badness 10000) detected at line 22
[][][]
 []


Underfull \hbox (badness 10000) detected at line 25
[][][]
 []


Underfull \hbox (badness 10000) detected at line 28
[][][]
 []

) (./_g_l_helium_8h_source.tex

Package Fancyhdr Warning: \headheight is too small (12.0pt): 
 Make it at least 22.39041pt.
 We now make it that large for the rest of the document.
 This may cause the page layout to be inconsistent, however.

[59]) (./_g_l_neon_8cc.tex
Underfull \hbox (badness 7030) in paragraph at lines 1--1
[]\T1/phv/bc/n/14.4 Rfrence du fi-chier /[]Users/burkhard/[]Dropbox/projet d'
info/maximilian-g065/[]
 []


Underfull \hbox (badness 10000) in paragraph at lines 8--9

 []


Underfull \hbox (badness 10000) detected at line 14
[][][]
 []


Underfull \hbox (badness 10000) detected at line 17
[][][]
 []


Underfull \hbox (badness 10000) detected at line 20
[][][]
 []

) (./_g_l_neon_8cc_source.tex [60]) (./_g_l_neon_8h.tex
Underfull \hbox (badness 7030) in paragraph at lines 1--1
[]\T1/phv/bc/n/14.4 Rfrence du fi-chier /[]Users/burkhard/[]Dropbox/projet d'
info/maximilian-g065/[]
 []


Underfull \hbox (badness 10000) in paragraph at lines 8--12

 []


Underfull \hbox (badness 10000) detected at line 22
[][][]
 []


Underfull \hbox (badness 10000) detected at line 25
[][][]
 []


Underfull \hbox (badness 10000) detected at line 28
[][][]
 []

) (./_g_l_neon_8h_source.tex

Package Fancyhdr Warning: \headheight is too small (12.0pt): 
 Make it at least 22.39041pt.
 We now make it that large for the rest of the document.
 This may cause the page layout to be inconsistent, however.

[61]) (./_g_u_i_8cc.tex
Underfull \hbox (badness 7030) in paragraph at lines 1--1
[]\T1/phv/bc/n/14.4 Rfrence du fi-chier /[]Users/burkhard/[]Dropbox/projet d'
info/maximilian-g065/[]
 []


Underfull \hbox (badness 10000) in paragraph at lines 8--10

 []


Underfull \hbox (badness 10000) detected at line 15
[][][]
 []


Underfull \hbox (badness 10000) detected at line 18
[][][]
 []


Underfull \hbox (badness 10000) detected at line 21
[][][]
 []

) (./_g_u_i_8cc_source.tex [62]) (./_g_u_i_8h.tex
Underfull \hbox (badness 7030) in paragraph at lines 1--1
[]\T1/phv/bc/n/14.4 Rfrence du fi-chier /[]Users/burkhard/[]Dropbox/projet d'
info/maximilian-g065/[]
 []


Underfull \hbox (badness 10000) in paragraph at lines 8--10

 []


Underfull \hbox (badness 10000) detected at line 20
[][][]
 []


Underfull \hbox (badness 10000) detected at line 23
[][][]
 []


Underfull \hbox (badness 10000) detected at line 26
[][][]
 []

) (./_g_u_i_8h_source.tex) (./_particule_8cc.tex
Underfull \hbox (badness 7030) in paragraph at lines 1--1
[]\T1/phv/bc/n/14.4 Rfrence du fi-chier /[]Users/burkhard/[]Dropbox/projet d'
info/maximilian-g065/[]
 []


Underfull \hbox (badness 10000) in paragraph at lines 8--10

 []


Package Fancyhdr Warning: \headheight is too small (12.0pt): 
 Make it at least 22.39041pt.
 We now make it that large for the rest of the document.
 This may cause the page layout to be inconsistent, however.

[63]
Underfull \hbox (badness 10000) detected at line 20
[][][]
 []


Underfull \hbox (badness 10000) detected at line 23
[][][]
 []


Underfull \hbox (badness 10000) detected at line 26
[][][]
 []


Underfull \hbox (badness 10000) detected at line 51
[][][]
 []

) (./_particule_8cc_source.tex [64]
Underfull \vbox (badness 10000) has occurred while \output is active []

 [65])
(./_particule_8h.tex
Underfull \hbox (badness 7030) in paragraph at lines 1--1
[]\T1/phv/bc/n/14.4 Rfrence du fi-chier /[]Users/burkhard/[]Dropbox/projet d'
info/maximilian-g065/[]
 []


Underfull \hbox (badness 10000) in paragraph at lines 8--12

 []


Underfull \hbox (badness 10000) detected at line 27
[][][]
 []


Underfull \hbox (badness 10000) detected at line 30
[][][]
 []

[66]
Underfull \hbox (badness 10000) detected at line 33
[][][]
 []

) (./_particule_8h_source.tex) (./_systeme_8cc.tex
Underfull \hbox (badness 7030) in paragraph at lines 1--1
[]\T1/phv/bc/n/14.4 Rfrence du fi-chier /[]Users/burkhard/[]Dropbox/projet d'
info/maximilian-g065/[]
 []


Underfull \hbox (badness 10000) in paragraph at lines 8--15

 []


Underfull \vbox (badness 3396) has occurred while \output is active []

 [67]
Underfull \hbox (badness 10000) detected at line 20
[][][]
 []


Underfull \hbox (badness 10000) detected at line 23
[][][]
 []


Underfull \hbox (badness 10000) detected at line 26
[][][]
 []

) (./_systeme_8cc_source.tex
LaTeX Font Info:    Try loading font information for TS1+pcr on input line 24.

(/usr/local/texlive/2013/texmf-dist/tex/latex/psnfss/ts1pcr.fd
File: ts1pcr.fd 2001/06/04 font definitions for TS1/pcr.
)
Overfull \hbox (19.35555pt too wide) in paragraph at lines 32--33
[]\T1/pcr/bc/it/7 00042         temperature = wxAtoi(wxGetTextFromUser(wxT([]"R
entrez une temprature (entre 0 et 400 Kelvin)"[]), wxT([][] 
 []


Overfull \hbox (15.15555pt too wide) in paragraph at lines 40--40
[]       \T1/pcr/bc/it/7 Attention : ne pas crer plus de 425 particules en tou
t)"[]), wxT([]"Paramtrage du nombre de particules"[])));[] 
 []


Overfull \hbox (15.15555pt too wide) in paragraph at lines 47--47
[]       \T1/pcr/bc/it/7 Attention : ne pas crer plus de 425 particules en tou
t)"[]), wxT([]"Paramtrage du nombre de particules"[])));[] 
 []

[68]
Overfull \hbox (19.35555pt too wide) in paragraph at lines 53--54
[]\T1/pcr/bc/it/7 00060         nbrHelium = wxAtoi(wxGetTextFromUser(wxT([]"Ren
trez le nombre de particules d'Helium (entre 0 et 425,[] 
 []


Overfull \hbox (15.15555pt too wide) in paragraph at lines 54--54
[]       \T1/pcr/bc/it/7 Attention : ne pas crer plus de 425 particules en tou
t)"[]), wxT([]"Paramtrage du nombre de particules"[])));[] 
 []


Overfull \hbox (15.15555pt too wide) in paragraph at lines 61--61
[]       \T1/pcr/bc/it/7 Attention : ne pas crer plus de 425 particules en tou
t)"[]), wxT([]"Paramtrage du nombre de particules"[])));[] 
 []


Underfull \vbox (badness 10000) has occurred while \output is active []

 [69]
Underfull \vbox (badness 10000) has occurred while \output is active []

 [70])
(./_systeme_8h.tex
Underfull \hbox (badness 7030) in paragraph at lines 1--1
[]\T1/phv/bc/n/14.4 Rfrence du fi-chier /[]Users/burkhard/[]Dropbox/projet d'
info/maximilian-g065/[]
 []


Underfull \hbox (badness 10000) in paragraph at lines 8--13

 []


Underfull \hbox (badness 10000) detected at line 23
[][][]
 []


Underfull \hbox (badness 10000) detected at line 26
[][][]
 []


Underfull \hbox (badness 10000) detected at line 29
[][][]
 []

) (./_systeme_8h_source.tex

Package Fancyhdr Warning: \headheight is too small (12.0pt): 
 Make it at least 22.39041pt.
 We now make it that large for the rest of the document.
 This may cause the page layout to be inconsistent, however.

[71]) (./_t_x_t_argon_8cc.tex
Underfull \hbox (badness 7030) in paragraph at lines 1--1
[]\T1/phv/bc/n/14.4 Rfrence du fi-chier /[]Users/burkhard/[]Dropbox/projet d'
info/maximilian-g065/[]
 []


Underfull \hbox (badness 10000) in paragraph at lines 8--9

 []


Underfull \hbox (badness 10000) detected at line 14
[][][]
 []


Underfull \hbox (badness 10000) detected at line 17
[][][]
 []


Underfull \hbox (badness 10000) detected at line 20
[][][]
 []

) (./_t_x_t_argon_8cc_source.tex [72]) (./_t_x_t_argon_8h.tex
Underfull \hbox (badness 7030) in paragraph at lines 1--1
[]\T1/phv/bc/n/14.4 Rfrence du fi-chier /[]Users/burkhard/[]Dropbox/projet d'
info/maximilian-g065/[]
 []


Underfull \hbox (badness 10000) in paragraph at lines 8--9

 []


Underfull \hbox (badness 10000) detected at line 19
[][][]
 []


Underfull \hbox (badness 10000) detected at line 22
[][][]
 []


Underfull \hbox (badness 10000) detected at line 25
[][][]
 []

) (./_t_x_t_argon_8h_source.tex) (./_t_x_t_helium_8cc.tex
Underfull \hbox (badness 7030) in paragraph at lines 1--1
[]\T1/phv/bc/n/14.4 Rfrence du fi-chier /[]Users/burkhard/[]Dropbox/projet d'
info/maximilian-g065/[]
 []

[73]
Underfull \hbox (badness 10000) in paragraph at lines 8--9

 []


Underfull \hbox (badness 10000) detected at line 14
[][][]
 []


Underfull \hbox (badness 10000) detected at line 17
[][][]
 []


Underfull \hbox (badness 10000) detected at line 20
[][][]
 []

) (./_t_x_t_helium_8cc_source.tex) (./_t_x_t_helium_8h.tex
Underfull \hbox (badness 7030) in paragraph at lines 1--1
[]\T1/phv/bc/n/14.4 Rfrence du fi-chier /[]Users/burkhard/[]Dropbox/projet d'
info/maximilian-g065/[]
 []


Underfull \hbox (badness 10000) in paragraph at lines 8--9

 []


Underfull \hbox (badness 10000) detected at line 19
[][][]
 []

[74]
Underfull \hbox (badness 10000) detected at line 22
[][][]
 []


Underfull \hbox (badness 10000) detected at line 25
[][][]
 []

) (./_t_x_t_helium_8h_source.tex) (./_t_x_t_neon_8cc.tex
Underfull \hbox (badness 7030) in paragraph at lines 1--1
[]\T1/phv/bc/n/14.4 Rfrence du fi-chier /[]Users/burkhard/[]Dropbox/projet d'
info/maximilian-g065/[]
 []


Underfull \hbox (badness 10000) in paragraph at lines 8--9

 []


Underfull \hbox (badness 10000) detected at line 14
[][][]
 []


Underfull \hbox (badness 10000) detected at line 17
[][][]
 []


Underfull \hbox (badness 10000) detected at line 20
[][][]
 []

) (./_t_x_t_neon_8cc_source.tex) (./_t_x_t_neon_8h.tex
Underfull \hbox (badness 7030) in paragraph at lines 1--1
[]\T1/phv/bc/n/14.4 Rfrence du fi-chier /[]Users/burkhard/[]Dropbox/projet d'
info/maximilian-g065/[]
 []


Underfull \hbox (badness 10000) in paragraph at lines 3--4

 []

[75]) (./_t_x_t_neon_8h_source.tex) (./_vecteur_8cc.tex
Underfull \hbox (badness 7030) in paragraph at lines 1--1
[]\T1/phv/bc/n/14.4 Rfrence du fi-chier /[]Users/burkhard/[]Dropbox/projet d'
info/maximilian-g065/[]
 []


Underfull \hbox (badness 10000) in paragraph at lines 8--9

 []

LaTeX Font Info:    Font shape `OT1/ptm/bx/n' in size <9> not available
(Font)              Font shape `OT1/ptm/b/n' tried instead on input line 19.

Underfull \hbox (badness 10000) detected at line 29
[][][]
 []

[76]
Underfull \hbox (badness 10000) detected at line 32
[][][]
 []


Underfull \hbox (badness 10000) detected at line 35
[][][]
 []


Underfull \hbox (badness 10000) detected at line 66
[][][]
 []


Underfull \hbox (badness 10000) detected at line 92
[][][]
 []


Underfull \hbox (badness 10000) detected at line 118
[][][]
 []


Package Fancyhdr Warning: \headheight is too small (12.0pt): 
 Make it at least 22.39041pt.
 We now make it that large for the rest of the document.
 This may cause the page layout to be inconsistent, however.

[77]
Underfull \hbox (badness 10000) detected at line 144
[][][]
 []


Underfull \hbox (badness 10000) detected at line 168
[][][]
 []


Underfull \hbox (badness 10000) detected at line 196
[][][]
 []

) (./_vecteur_8cc_source.tex [78]
Underfull \vbox (badness 10000) has occurred while \output is active []

 [79])
(./_vecteur_8h.tex
Underfull \hbox (badness 7030) in paragraph at lines 1--1
[]\T1/phv/bc/n/14.4 Rfrence du fi-chier /[]Users/burkhard/[]Dropbox/projet d'
info/maximilian-g065/[]
 []


Underfull \hbox (badness 10000) in paragraph at lines 8--9

 []

[80]
Underfull \hbox (badness 10000) detected at line 34
[][][]
 []


Underfull \hbox (badness 10000) detected at line 37
[][][]
 []


Underfull \hbox (badness 10000) detected at line 40
[][][]
 []


Underfull \hbox (badness 10000) detected at line 71
[][][]
 []


Underfull \hbox (badness 10000) detected at line 97
[][][]
 []


Underfull \hbox (badness 10000) detected at line 123
[][][]
 []


Package Fancyhdr Warning: \headheight is too small (12.0pt): 
 Make it at least 22.39041pt.
 We now make it that large for the rest of the document.
 This may cause the page layout to be inconsistent, however.

[81] [82]
Underfull \hbox (badness 10000) detected at line 149
[][][]
 []


Underfull \hbox (badness 10000) detected at line 189
[][][]
 []

) (./_vecteur_8h_source.tex [83]
Overfull \hbox (15.15555pt too wide) in paragraph at lines 56--57
[]\T1/pcr/bc/it/7 00086 []const[] Vecteur operator^(Vecteur v1, Vecteur []const
[]& v2);[]// ATTENTION XOR a une plus grande priorit  cause[] 
 []

) (./_vue___open_g_l_8cc.tex
Underfull \hbox (badness 7030) in paragraph at lines 1--1
[]\T1/phv/bc/n/14.4 Rfrence du fi-chier /[]Users/burkhard/[]Dropbox/projet d'
info/maximilian-g065/[]
 []

) (./_vue___open_g_l_8cc_source.tex
Underfull \hbox (badness 10000) in paragraph at lines 3--1

 []

[84]
Underfull \vbox (badness 10000) has occurred while \output is active []

 [85])
(./_vue___open_g_l_8h.tex
Underfull \hbox (badness 7030) in paragraph at lines 1--1
[]\T1/phv/bc/n/14.4 Rfrence du fi-chier /[]Users/burkhard/[]Dropbox/projet d'
info/maximilian-g065/[]
 []


Underfull \hbox (badness 10000) in paragraph at lines 3--9

 []

[86]) (./_vue___open_g_l_8h_source.tex) [87]
No file refman.ind.
(./refman.aux)

LaTeX Font Warning: Some font shapes were not available, defaults substituted.


LaTeX Warning: There were undefined references.


LaTeX Warning: Label(s) may have changed. Rerun to get cross-references right.

 ) 
Here is how much of TeX's memory you used:
 7142 strings out of 493315
 103754 string characters out of 6137904
 180048 words of memory out of 5000000
 10098 multiletter control sequences out of 15000+600000
 104211 words of font info for 142 fonts, out of 8000000 for 9000
 957 hyphenation exceptions out of 8191
 48i,17n,43p,1441b,507s stack positions out of 5000i,500n,10000p,200000b,80000s
{/usr/local/texlive/2013/texmf-dist/fonts/enc/dvips/base/8r.enc}</usr/local/t
exlive/2013/texmf-dist/fonts/type1/public/amsfonts/cm/cmmi10.pfb></usr/local/te
xlive/2013/texmf-dist/fonts/type1/public/amsfonts/cm/cmsy10.pfb></usr/local/tex
live/2013/texmf-dist/fonts/type1/urw/courier/ucrr8a.pfb></usr/local/texlive/201
3/texmf-dist/fonts/type1/urw/helvetic/uhvb8a.pfb></usr/local/texlive/2013/texmf
-dist/fonts/type1/urw/helvetic/uhvb8ac.pfb></usr/local/texlive/2013/texmf-dist/
fonts/type1/urw/helvetic/uhvbo8a.pfb></usr/local/texlive/2013/texmf-dist/fonts/
type1/urw/helvetic/uhvbo8ac.pfb></usr/local/texlive/2013/texmf-dist/fonts/type1
/urw/helvetic/uhvr8a.pfb></usr/local/texlive/2013/texmf-dist/fonts/type1/urw/he
lvetic/uhvro8a.pfb>
Output written on refman.pdf (97 pages, 303657 bytes).
PDF statistics:
 446 PDF objects out of 1000 (max. 8388607)
 304 compressed objects within 4 object streams
 0 named destinations out of 1000 (max. 500000)
 76 words of extra memory for PDF output out of 10000 (max. 10000000)

